2024-04-28 00:29:56,742 - DEBUG -  Epoch 0: 
2024-04-28 00:29:56,742 - DEBUG - 开始训练:...
2024-04-28 00:32:16,079 - DEBUG -  Epoch 0: 
2024-04-28 00:32:16,080 - DEBUG - 开始训练:...
2024-04-28 00:32:25,682 - DEBUG - 第0.23947类,准确率:
2024-04-28 00:33:10,360 - DEBUG -  Epoch 0: 
2024-04-28 00:33:10,360 - DEBUG - 开始训练:...
2024-04-28 00:33:19,964 - DEBUG - 第0.26189类,准确率:
2024-04-28 00:33:44,489 - DEBUG -  Epoch 0: 
2024-04-28 00:33:44,489 - DEBUG - 开始训练:...
2024-04-28 00:33:54,080 - DEBUG - 第0.14912类,准确率:
2024-04-28 00:34:28,842 - DEBUG -  Epoch 0: 
2024-04-28 00:34:28,842 - DEBUG - 开始训练:...
2024-04-28 00:34:38,441 - DEBUG - 训练集准确率 acc: 36.87739  Train loss: 0.00179598
2024-04-28 00:34:39,206 - DEBUG - 测试集准确率 acc: 2.89485  Train loss: 0.00334908
2024-04-28 00:34:39,973 - DEBUG - 验证集准确率 acc: 3.25670  Train loss: 0.00333880
2024-04-28 00:34:39,986 - DEBUG -  Epoch 1: 
2024-04-28 00:34:39,986 - DEBUG - 开始训练:...
2024-04-28 00:34:49,379 - DEBUG - 训练集准确率 acc: 71.26171  Train loss: 0.00083934
2024-04-28 00:34:50,163 - DEBUG - 测试集准确率 acc: 77.20307  Train loss: 0.00077877
2024-04-28 00:34:50,175 - DEBUG -  Epoch 2: 
2024-04-28 00:34:50,176 - DEBUG - 开始训练:...
2024-04-28 00:34:59,659 - DEBUG - 训练集准确率 acc: 88.17582  Train loss: 0.00040548
2024-04-28 00:35:00,429 - DEBUG - 测试集准确率 acc: 88.80375  Train loss: 0.00047245
2024-04-28 00:35:00,442 - DEBUG -  Epoch 3: 
2024-04-28 00:35:00,442 - DEBUG - 开始训练:...
2024-04-28 00:35:09,876 - DEBUG - 训练集准确率 acc: 97.46169  Train loss: 0.00010588
2024-04-28 00:35:10,651 - DEBUG - 测试集准确率 acc: 91.59217  Train loss: 0.00030003
2024-04-28 00:35:10,664 - DEBUG -  Epoch 4: 
2024-04-28 00:35:10,664 - DEBUG - 开始训练:...
2024-04-28 00:35:19,974 - DEBUG - 训练集准确率 acc: 98.99957  Train loss: 0.00004515
2024-04-28 00:35:20,775 - DEBUG - 测试集准确率 acc: 91.69860  Train loss: 0.00030171
2024-04-28 00:35:20,788 - DEBUG -  Epoch 5: 
2024-04-28 00:35:20,788 - DEBUG - 开始训练:...
2024-04-28 00:35:30,063 - DEBUG - 训练集准确率 acc: 99.24436  Train loss: 0.00003386
2024-04-28 00:35:30,820 - DEBUG - 测试集准确率 acc: 91.03874  Train loss: 0.00033199
2024-04-28 00:35:31,571 - DEBUG - 验证集准确率 acc: 90.31503  Train loss: 0.00032764
2024-04-28 00:35:31,584 - DEBUG -  Epoch 6: 
2024-04-28 00:35:31,584 - DEBUG - 开始训练:...
2024-04-28 00:35:40,876 - DEBUG - 训练集准确率 acc: 96.85238  Train loss: 0.00014719
2024-04-28 00:35:41,627 - DEBUG - 测试集准确率 acc: 3.29928  Train loss: 0.02488432
2024-04-28 00:35:41,639 - DEBUG -  Epoch 7: 
2024-04-28 00:35:41,639 - DEBUG - 开始训练:...
2024-04-28 00:35:50,949 - DEBUG - 训练集准确率 acc: 80.78172  Train loss: 0.00066646
2024-04-28 00:35:51,705 - DEBUG - 测试集准确率 acc: 86.33461  Train loss: 0.00053835
2024-04-28 00:35:51,718 - DEBUG -  Epoch 8: 
2024-04-28 00:35:51,718 - DEBUG - 开始训练:...
2024-04-28 00:36:01,098 - DEBUG - 训练集准确率 acc: 98.95700  Train loss: 0.00005215
2024-04-28 00:36:01,870 - DEBUG - 测试集准确率 acc: 92.42231  Train loss: 0.00028530
2024-04-28 00:36:01,883 - DEBUG -  Epoch 9: 
2024-04-28 00:36:01,883 - DEBUG - 开始训练:...
2024-04-28 00:36:11,332 - DEBUG - 训练集准确率 acc: 99.17784  Train loss: 0.00004016
2024-04-28 00:36:12,122 - DEBUG - 测试集准确率 acc: 94.16773  Train loss: 0.00020742
2024-04-28 00:36:12,135 - DEBUG -  Epoch 10: 
2024-04-28 00:36:12,135 - DEBUG - 开始训练:...
2024-04-28 00:36:21,555 - DEBUG - 训练集准确率 acc: 99.26564  Train loss: 0.00003201
2024-04-28 00:36:22,363 - DEBUG - 测试集准确率 acc: 91.84759  Train loss: 0.00027482
2024-04-28 00:36:23,142 - DEBUG - 验证集准确率 acc: 91.82631  Train loss: 0.00026894
2024-04-28 00:36:23,153 - DEBUG -  Epoch 11: 
2024-04-28 00:36:23,153 - DEBUG - 开始训练:...
2024-04-28 00:36:32,554 - DEBUG - 训练集准确率 acc: 99.46786  Train loss: 0.00002300
2024-04-28 00:36:33,330 - DEBUG - 测试集准确率 acc: 94.44444  Train loss: 0.00020402
2024-04-28 00:36:33,342 - DEBUG -  Epoch 12: 
2024-04-28 00:36:33,343 - DEBUG - 开始训练:...
2024-04-28 00:36:42,808 - DEBUG - 训练集准确率 acc: 99.61420  Train loss: 0.00001717
2024-04-28 00:36:43,586 - DEBUG - 测试集准确率 acc: 93.91230  Train loss: 0.00023521
2024-04-28 00:36:43,600 - DEBUG -  Epoch 13: 
2024-04-28 00:36:43,600 - DEBUG - 开始训练:...
2024-04-28 00:36:53,005 - DEBUG - 训练集准确率 acc: 99.55832  Train loss: 0.00001876
2024-04-28 00:36:53,787 - DEBUG - 测试集准确率 acc: 95.27458  Train loss: 0.00018066
2024-04-28 00:36:53,799 - DEBUG -  Epoch 14: 
2024-04-28 00:36:53,799 - DEBUG - 开始训练:...
2024-04-28 00:37:03,215 - DEBUG - 训练集准确率 acc: 99.71530  Train loss: 0.00001342
2024-04-28 00:37:03,981 - DEBUG - 测试集准确率 acc: 96.67944  Train loss: 0.00013654
2024-04-28 00:37:03,993 - DEBUG -  Epoch 15: 
2024-04-28 00:37:03,993 - DEBUG - 开始训练:...
2024-04-28 00:37:13,455 - DEBUG - 训练集准确率 acc: 99.73925  Train loss: 0.00001359
2024-04-28 00:37:14,223 - DEBUG - 测试集准确率 acc: 96.25372  Train loss: 0.00015079
2024-04-28 00:37:15,009 - DEBUG - 验证集准确率 acc: 96.14730  Train loss: 0.00013950
2024-04-28 00:37:15,020 - DEBUG -  Epoch 16: 
2024-04-28 00:37:15,020 - DEBUG - 开始训练:...
2024-04-28 00:37:24,420 - DEBUG - 训练集准确率 acc: 99.58759  Train loss: 0.00001602
2024-04-28 00:37:25,186 - DEBUG - 测试集准确率 acc: 96.27501  Train loss: 0.00014644
2024-04-28 00:37:25,199 - DEBUG -  Epoch 17: 
2024-04-28 00:37:25,199 - DEBUG - 开始训练:...
2024-04-28 00:37:34,650 - DEBUG - 训练集准确率 acc: 88.49777  Train loss: 0.00040882
2024-04-28 00:37:35,425 - DEBUG - 测试集准确率 acc: 82.03491  Train loss: 0.00064797
2024-04-28 00:37:35,436 - DEBUG -  Epoch 18: 
2024-04-28 00:37:35,437 - DEBUG - 开始训练:...
2024-04-28 00:37:44,861 - DEBUG - 训练集准确率 acc: 98.75213  Train loss: 0.00005395
2024-04-28 00:37:45,636 - DEBUG - 测试集准确率 acc: 94.59344  Train loss: 0.00022282
2024-04-28 00:37:45,649 - DEBUG -  Epoch 19: 
2024-04-28 00:37:45,650 - DEBUG - 开始训练:...
2024-04-28 00:37:55,122 - DEBUG - 训练集准确率 acc: 99.44657  Train loss: 0.00002613
2024-04-28 00:37:55,898 - DEBUG - 测试集准确率 acc: 94.52959  Train loss: 0.00020338
2024-04-28 00:37:55,926 - DEBUG -  Epoch 20: 
2024-04-28 00:37:55,926 - DEBUG - 开始训练:...
2024-04-28 00:38:05,365 - DEBUG - 训练集准确率 acc: 99.60888  Train loss: 0.00001971
2024-04-28 00:38:06,149 - DEBUG - 测试集准确率 acc: 95.50873  Train loss: 0.00016911
2024-04-28 00:38:06,923 - DEBUG - 验证集准确率 acc: 95.65773  Train loss: 0.00016392
2024-04-28 00:38:06,948 - DEBUG -  Epoch 21: 
2024-04-28 00:38:06,949 - DEBUG - 开始训练:...
2024-04-28 00:38:16,398 - DEBUG - 训练集准确率 acc: 99.64080  Train loss: 0.00001619
2024-04-28 00:38:17,163 - DEBUG - 测试集准确率 acc: 95.33844  Train loss: 0.00016750
2024-04-28 00:38:17,190 - DEBUG -  Epoch 22: 
2024-04-28 00:38:17,190 - DEBUG - 开始训练:...
2024-04-28 00:38:26,585 - DEBUG - 训练集准确率 acc: 99.70200  Train loss: 0.00001350
2024-04-28 00:38:27,359 - DEBUG - 测试集准确率 acc: 96.31758  Train loss: 0.00013964
2024-04-28 00:38:27,387 - DEBUG -  Epoch 23: 
2024-04-28 00:38:27,387 - DEBUG - 开始训练:...
2024-04-28 00:38:36,731 - DEBUG - 训练集准确率 acc: 99.73393  Train loss: 0.00001168
2024-04-28 00:38:37,489 - DEBUG - 测试集准确率 acc: 96.67944  Train loss: 0.00012844
2024-04-28 00:38:37,517 - DEBUG -  Epoch 24: 
2024-04-28 00:38:37,517 - DEBUG - 开始训练:...
2024-04-28 00:38:46,872 - DEBUG - 训练集准确率 acc: 99.78448  Train loss: 0.00001030
2024-04-28 00:38:47,632 - DEBUG - 测试集准确率 acc: 96.84972  Train loss: 0.00012953
2024-04-28 00:38:47,645 - DEBUG -  Epoch 25: 
2024-04-28 00:38:47,645 - DEBUG - 开始训练:...
2024-04-28 00:38:56,982 - DEBUG - 训练集准确率 acc: 99.70732  Train loss: 0.00001389
2024-04-28 00:38:57,746 - DEBUG - 测试集准确率 acc: 96.25372  Train loss: 0.00014099
2024-04-28 00:38:58,497 - DEBUG - 验证集准确率 acc: 96.78587  Train loss: 0.00013018
2024-04-28 00:38:58,510 - DEBUG -  Epoch 26: 
2024-04-28 00:38:58,510 - DEBUG - 开始训练:...
2024-04-28 00:39:07,808 - DEBUG - 训练集准确率 acc: 99.76586  Train loss: 0.00001029
2024-04-28 00:39:08,554 - DEBUG - 测试集准确率 acc: 96.89229  Train loss: 0.00011342
2024-04-28 00:39:08,566 - DEBUG -  Epoch 27: 
2024-04-28 00:39:08,566 - DEBUG - 开始训练:...
2024-04-28 00:39:17,980 - DEBUG - 训练集准确率 acc: 99.83770  Train loss: 0.00000814
2024-04-28 00:39:18,751 - DEBUG - 测试集准确率 acc: 96.67944  Train loss: 0.00013122
2024-04-28 00:39:18,764 - DEBUG -  Epoch 28: 
2024-04-28 00:39:18,764 - DEBUG - 开始训练:...
2024-04-28 00:39:28,144 - DEBUG - 训练集准确率 acc: 99.79246  Train loss: 0.00000981
2024-04-28 00:39:28,903 - DEBUG - 测试集准确率 acc: 96.80715  Train loss: 0.00012941
2024-04-28 00:39:28,915 - DEBUG -  Epoch 29: 
2024-04-28 00:39:28,916 - DEBUG - 开始训练:...
2024-04-28 00:39:38,265 - DEBUG - 训练集准确率 acc: 99.81907  Train loss: 0.00000831
2024-04-28 00:39:39,039 - DEBUG - 测试集准确率 acc: 96.74330  Train loss: 0.00012392
2024-04-28 00:39:39,051 - DEBUG -  Epoch 30: 
2024-04-28 00:39:39,051 - DEBUG - 开始训练:...
2024-04-28 00:39:48,485 - DEBUG - 训练集准确率 acc: 99.78714  Train loss: 0.00000836
2024-04-28 00:39:49,297 - DEBUG - 测试集准确率 acc: 96.89229  Train loss: 0.00011682
2024-04-28 00:39:50,074 - DEBUG - 验证集准确率 acc: 97.19029  Train loss: 0.00010894
2024-04-28 00:39:50,086 - DEBUG -  Epoch 31: 
2024-04-28 00:39:50,086 - DEBUG - 开始训练:...
2024-04-28 00:39:59,474 - DEBUG - 训练集准确率 acc: 99.83504  Train loss: 0.00000713
2024-04-28 00:40:00,247 - DEBUG - 测试集准确率 acc: 97.12644  Train loss: 0.00011754
2024-04-28 00:40:00,260 - DEBUG -  Epoch 32: 
2024-04-28 00:40:00,260 - DEBUG - 开始训练:...
2024-04-28 00:40:09,670 - DEBUG - 训练集准确率 acc: 99.80577  Train loss: 0.00000833
2024-04-28 00:40:10,439 - DEBUG - 测试集准确率 acc: 97.29672  Train loss: 0.00010894
2024-04-28 00:40:10,451 - DEBUG -  Epoch 33: 
2024-04-28 00:40:10,451 - DEBUG - 开始训练:...
2024-04-28 00:40:19,936 - DEBUG - 训练集准确率 acc: 99.84834  Train loss: 0.00000688
2024-04-28 00:40:20,700 - DEBUG - 测试集准确率 acc: 97.44572  Train loss: 0.00009811
2024-04-28 00:40:20,713 - DEBUG -  Epoch 34: 
2024-04-28 00:40:20,713 - DEBUG - 开始训练:...
2024-04-28 00:40:30,175 - DEBUG - 训练集准确率 acc: 99.80311  Train loss: 0.00000846
2024-04-28 00:40:30,945 - DEBUG - 测试集准确率 acc: 96.97744  Train loss: 0.00012603
2024-04-28 00:40:30,959 - DEBUG -  Epoch 35: 
2024-04-28 00:40:30,959 - DEBUG - 开始训练:...
2024-04-28 00:40:40,378 - DEBUG - 训练集准确率 acc: 99.83504  Train loss: 0.00000744
2024-04-28 00:40:41,143 - DEBUG - 测试集准确率 acc: 97.57344  Train loss: 0.00010214
2024-04-28 00:40:41,926 - DEBUG - 验证集准确率 acc: 97.65858  Train loss: 0.00010226
2024-04-28 00:40:41,939 - DEBUG -  Epoch 36: 
2024-04-28 00:40:41,939 - DEBUG - 开始训练:...
2024-04-28 00:40:51,399 - DEBUG - 训练集准确率 acc: 99.88559  Train loss: 0.00000555
2024-04-28 00:40:52,174 - DEBUG - 测试集准确率 acc: 97.36058  Train loss: 0.00010489
2024-04-28 00:40:52,187 - DEBUG -  Epoch 37: 
2024-04-28 00:40:52,187 - DEBUG - 开始训练:...
2024-04-28 00:41:01,594 - DEBUG - 训练集准确率 acc: 99.87229  Train loss: 0.00000614
2024-04-28 00:41:02,363 - DEBUG - 测试集准确率 acc: 97.46701  Train loss: 0.00010419
2024-04-28 00:41:02,376 - DEBUG -  Epoch 38: 
2024-04-28 00:41:02,376 - DEBUG - 开始训练:...
2024-04-28 00:41:11,763 - DEBUG - 训练集准确率 acc: 99.87761  Train loss: 0.00000684
2024-04-28 00:41:12,531 - DEBUG - 测试集准确率 acc: 97.40315  Train loss: 0.00009809
2024-04-28 00:41:12,544 - DEBUG -  Epoch 39: 
2024-04-28 00:41:12,544 - DEBUG - 开始训练:...
2024-04-28 00:41:21,880 - DEBUG - 训练集准确率 acc: 99.87229  Train loss: 0.00000606
2024-04-28 00:41:22,645 - DEBUG - 测试集准确率 acc: 96.84972  Train loss: 0.00011238
2024-04-28 00:41:22,657 - DEBUG -  Epoch 40: 
2024-04-28 00:41:22,657 - DEBUG - 开始训练:...
2024-04-28 00:41:32,015 - DEBUG - 训练集准确率 acc: 99.89623  Train loss: 0.00000466
2024-04-28 00:41:32,770 - DEBUG - 测试集准确率 acc: 97.42444  Train loss: 0.00010100
2024-04-28 00:41:33,547 - DEBUG - 验证集准确率 acc: 97.78629  Train loss: 0.00010075
2024-04-28 00:41:33,559 - DEBUG -  Epoch 41: 
2024-04-28 00:41:33,559 - DEBUG - 开始训练:...
2024-04-28 00:41:43,034 - DEBUG - 训练集准确率 acc: 99.85632  Train loss: 0.00000551
2024-04-28 00:41:43,807 - DEBUG - 测试集准确率 acc: 97.38186  Train loss: 0.00010241
2024-04-28 00:41:43,820 - DEBUG -  Epoch 42: 
2024-04-28 00:41:43,820 - DEBUG - 开始训练:...
2024-04-28 00:41:53,241 - DEBUG - 训练集准确率 acc: 99.89889  Train loss: 0.00000542
2024-04-28 00:41:54,021 - DEBUG - 测试集准确率 acc: 97.50958  Train loss: 0.00009934
2024-04-28 00:41:54,035 - DEBUG -  Epoch 43: 
2024-04-28 00:41:54,035 - DEBUG - 开始训练:...
2024-04-28 00:42:03,507 - DEBUG - 训练集准确率 acc: 99.87229  Train loss: 0.00000580
2024-04-28 00:42:04,290 - DEBUG - 测试集准确率 acc: 97.78629  Train loss: 0.00008598
2024-04-28 00:42:04,303 - DEBUG -  Epoch 44: 
2024-04-28 00:42:04,303 - DEBUG - 开始训练:...
2024-04-28 00:42:13,623 - DEBUG - 训练集准确率 acc: 99.92284  Train loss: 0.00000399
2024-04-28 00:42:14,381 - DEBUG - 测试集准确率 acc: 97.65858  Train loss: 0.00009743
2024-04-28 00:42:14,394 - DEBUG -  Epoch 45: 
2024-04-28 00:42:14,394 - DEBUG - 开始训练:...
2024-04-28 00:42:23,705 - DEBUG - 训练集准确率 acc: 99.89889  Train loss: 0.00000554
2024-04-28 00:42:24,462 - DEBUG - 测试集准确率 acc: 97.78629  Train loss: 0.00009112
2024-04-28 00:42:25,212 - DEBUG - 验证集准确率 acc: 98.02043  Train loss: 0.00009321
2024-04-28 00:42:25,224 - DEBUG -  Epoch 46: 
2024-04-28 00:42:25,224 - DEBUG - 开始训练:...
2024-04-28 00:42:34,518 - DEBUG - 训练集准确率 acc: 99.89623  Train loss: 0.00000501
2024-04-28 00:42:35,273 - DEBUG - 测试集准确率 acc: 97.65858  Train loss: 0.00009641
2024-04-28 00:42:35,285 - DEBUG -  Epoch 47: 
2024-04-28 00:42:35,285 - DEBUG - 开始训练:...
2024-04-28 00:42:44,748 - DEBUG - 训练集准确率 acc: 99.88825  Train loss: 0.00000504
2024-04-28 00:42:45,523 - DEBUG - 测试集准确率 acc: 97.53086  Train loss: 0.00009982
2024-04-28 00:42:45,536 - DEBUG -  Epoch 48: 
2024-04-28 00:42:45,536 - DEBUG - 开始训练:...
2024-04-28 00:42:54,966 - DEBUG - 训练集准确率 acc: 99.88027  Train loss: 0.00000531
2024-04-28 00:42:55,742 - DEBUG - 测试集准确率 acc: 97.61601  Train loss: 0.00009163
2024-04-28 00:42:55,755 - DEBUG -  Epoch 49: 
2024-04-28 00:42:55,755 - DEBUG - 开始训练:...
2024-04-28 00:43:05,177 - DEBUG - 训练集准确率 acc: 99.89091  Train loss: 0.00000511
2024-04-28 00:43:05,951 - DEBUG - 测试集准确率 acc: 97.19029  Train loss: 0.00010727
2024-04-28 00:43:05,963 - DEBUG -  Epoch 50: 
2024-04-28 00:43:05,963 - DEBUG - 开始训练:...
2024-04-28 00:43:15,410 - DEBUG - 训练集准确率 acc: 99.87495  Train loss: 0.00000516
2024-04-28 00:43:16,194 - DEBUG - 测试集准确率 acc: 97.40315  Train loss: 0.00010277
2024-04-28 00:43:16,976 - DEBUG - 验证集准确率 acc: 97.74372  Train loss: 0.00010242
2024-04-28 00:43:17,005 - DEBUG -  Epoch 51: 
2024-04-28 00:43:17,005 - DEBUG - 开始训练:...
2024-04-28 00:43:26,442 - DEBUG - 训练集准确率 acc: 99.88825  Train loss: 0.00000484
2024-04-28 00:43:27,206 - DEBUG - 测试集准确率 acc: 97.53086  Train loss: 0.00009667
2024-04-28 00:43:27,232 - DEBUG -  Epoch 52: 
2024-04-28 00:43:27,232 - DEBUG - 开始训练:...
2024-04-28 11:30:55,600 - DEBUG -  Epoch 0: 
2024-04-28 11:30:55,600 - DEBUG - 开始训练:...
2024-04-28 11:31:05,229 - DEBUG - 训练集准确率 acc: 86.76831  Train loss: 0.00043840
2024-04-28 11:31:05,990 - DEBUG - 测试集准确率 acc: 81.75819  Train loss: 0.00049227
2024-04-28 11:31:06,770 - DEBUG - 验证集准确率 acc: 81.75819  Train loss: 0.00052584
2024-04-28 11:31:06,782 - DEBUG -  Epoch 1: 
2024-04-28 11:31:06,782 - DEBUG - 开始训练:...
2024-04-28 11:31:16,127 - DEBUG - 训练集准确率 acc: 90.79662  Train loss: 0.00031427
2024-04-28 11:31:16,893 - DEBUG - 测试集准确率 acc: 90.50660  Train loss: 0.00031474
2024-04-28 11:31:16,906 - DEBUG -  Epoch 2: 
2024-04-28 11:31:16,907 - DEBUG - 开始训练:...
2024-04-28 11:31:26,281 - DEBUG - 训练集准确率 acc: 98.54991  Train loss: 0.00005800
2024-04-28 11:31:27,046 - DEBUG - 测试集准确率 acc: 82.77991  Train loss: 0.00054831
2024-04-28 11:31:27,060 - DEBUG -  Epoch 3: 
2024-04-28 11:31:27,060 - DEBUG - 开始训练:...
2024-04-28 11:31:36,403 - DEBUG - 训练集准确率 acc: 97.94860  Train loss: 0.00007202
2024-04-28 11:31:37,163 - DEBUG - 测试集准确率 acc: 95.21073  Train loss: 0.00015798
2024-04-28 11:31:37,175 - DEBUG -  Epoch 4: 
2024-04-28 11:31:37,176 - DEBUG - 开始训练:...
2024-04-28 11:31:46,576 - DEBUG - 训练集准确率 acc: 99.47850  Train loss: 0.00002334
2024-04-28 11:31:47,335 - DEBUG - 测试集准确率 acc: 95.25330  Train loss: 0.00017182
2024-04-28 11:31:47,348 - DEBUG -  Epoch 5: 
2024-04-28 11:31:47,348 - DEBUG - 开始训练:...
2024-04-28 11:31:56,693 - DEBUG - 训练集准确率 acc: 99.37473  Train loss: 0.00002419
2024-04-28 11:31:57,472 - DEBUG - 测试集准确率 acc: 94.74244  Train loss: 0.00018968
2024-04-28 11:31:58,244 - DEBUG - 验证集准确率 acc: 94.91273  Train loss: 0.00019329
2024-04-28 11:31:58,257 - DEBUG -  Epoch 6: 
2024-04-28 11:31:58,258 - DEBUG - 开始训练:...
2024-04-28 11:32:07,665 - DEBUG - 训练集准确率 acc: 99.47052  Train loss: 0.00002180
2024-04-28 11:32:08,433 - DEBUG - 测试集准确率 acc: 97.08387  Train loss: 0.00010885
2024-04-28 11:32:08,446 - DEBUG -  Epoch 7: 
2024-04-28 11:32:08,446 - DEBUG - 开始训练:...
2024-04-28 11:32:17,829 - DEBUG - 训练集准确率 acc: 99.57429  Train loss: 0.00001916
2024-04-28 11:32:18,597 - DEBUG - 测试集准确率 acc: 96.55172  Train loss: 0.00014001
2024-04-28 11:32:18,610 - DEBUG -  Epoch 8: 
2024-04-28 11:32:18,611 - DEBUG - 开始训练:...
2024-04-28 11:32:28,064 - DEBUG - 训练集准确率 acc: 99.57429  Train loss: 0.00001768
2024-04-28 11:32:28,824 - DEBUG - 测试集准确率 acc: 96.21115  Train loss: 0.00015270
2024-04-28 11:32:28,837 - DEBUG -  Epoch 9: 
2024-04-28 11:32:28,837 - DEBUG - 开始训练:...
2024-04-28 11:32:38,247 - DEBUG - 训练集准确率 acc: 99.56897  Train loss: 0.00001866
2024-04-28 11:32:39,018 - DEBUG - 测试集准确率 acc: 95.63644  Train loss: 0.00018027
2024-04-28 11:32:39,031 - DEBUG -  Epoch 10: 
2024-04-28 11:32:39,031 - DEBUG - 开始训练:...
2024-04-28 11:32:48,425 - DEBUG - 训练集准确率 acc: 99.59557  Train loss: 0.00001805
2024-04-28 11:32:49,220 - DEBUG - 测试集准确率 acc: 93.38016  Train loss: 0.00027958
2024-04-28 11:32:49,996 - DEBUG - 验证集准确率 acc: 93.42273  Train loss: 0.00028376
2024-04-28 11:32:50,008 - DEBUG -  Epoch 11: 
2024-04-28 11:32:50,008 - DEBUG - 开始训练:...
2024-04-28 11:32:59,361 - DEBUG - 训练集准确率 acc: 99.58493  Train loss: 0.00001999
2024-04-28 11:33:00,121 - DEBUG - 测试集准确率 acc: 96.04087  Train loss: 0.00015300
2024-04-28 11:33:00,149 - DEBUG -  Epoch 12: 
2024-04-28 11:33:00,149 - DEBUG - 开始训练:...
2024-04-28 11:33:09,507 - DEBUG - 训练集准确率 acc: 78.39240  Train loss: 0.00102243
2024-04-28 11:33:10,285 - DEBUG - 测试集准确率 acc: 41.99659  Train loss: 0.00387917
2024-04-28 11:33:10,314 - DEBUG -  Epoch 13: 
2024-04-28 11:33:10,314 - DEBUG - 开始训练:...
2024-04-28 11:33:19,754 - DEBUG - 训练集准确率 acc: 92.53140  Train loss: 0.00024214
2024-04-28 11:33:20,514 - DEBUG - 测试集准确率 acc: 89.71903  Train loss: 0.00033193
2024-04-28 11:33:20,543 - DEBUG -  Epoch 14: 
2024-04-28 11:33:20,543 - DEBUG - 开始训练:...
2024-04-28 11:33:29,871 - DEBUG - 训练集准确率 acc: 98.28650  Train loss: 0.00006917
2024-04-28 11:33:30,632 - DEBUG - 测试集准确率 acc: 88.54832  Train loss: 0.00040793
2024-04-28 11:33:30,660 - DEBUG -  Epoch 15: 
2024-04-28 11:33:30,660 - DEBUG - 开始训练:...
2024-04-28 11:33:40,048 - DEBUG - 训练集准确率 acc: 99.06077  Train loss: 0.00004142
2024-04-28 11:33:40,808 - DEBUG - 测试集准确率 acc: 89.78289  Train loss: 0.00036183
2024-04-28 11:33:41,572 - DEBUG - 验证集准确率 acc: 90.52788  Train loss: 0.00036272
2024-04-28 11:33:41,601 - DEBUG -  Epoch 16: 
2024-04-28 11:33:41,601 - DEBUG - 开始训练:...
2024-04-28 11:33:50,959 - DEBUG - 训练集准确率 acc: 99.39070  Train loss: 0.00003099
2024-04-28 11:33:51,721 - DEBUG - 测试集准确率 acc: 92.06045  Train loss: 0.00030501
2024-04-28 11:33:51,748 - DEBUG -  Epoch 17: 
2024-04-28 11:33:51,748 - DEBUG - 开始训练:...
2024-04-28 11:34:01,120 - DEBUG - 训练集准确率 acc: 99.45722  Train loss: 0.00002577
2024-04-28 11:34:01,885 - DEBUG - 测试集准确率 acc: 95.27458  Train loss: 0.00018347
2024-04-28 11:34:01,914 - DEBUG -  Epoch 18: 
2024-04-28 11:34:01,914 - DEBUG - 开始训练:...
