2024-04-28 11:34:26,373 - DEBUG -  Epoch 0: 
2024-04-28 11:34:26,373 - DEBUG - 开始训练:...
2024-04-28 11:34:35,962 - DEBUG - 训练集准确率 acc: 88.33812  Train loss: 0.00038292
2024-04-28 11:34:36,720 - DEBUG - 测试集准确率 acc: 96.65815  Train loss: 0.00014970
2024-04-28 11:34:37,484 - DEBUG - 验证集准确率 acc: 96.01958  Train loss: 0.00016476
2024-04-28 11:34:37,497 - DEBUG -  Epoch 1: 
2024-04-28 11:34:37,497 - DEBUG - 开始训练:...
2024-04-28 11:34:46,784 - DEBUG - 训练集准确率 acc: 87.51862  Train loss: 0.00046041
2024-04-28 11:34:47,536 - DEBUG - 测试集准确率 acc: 79.73606  Train loss: 0.00067664
2024-04-28 11:34:47,548 - DEBUG -  Epoch 2: 
2024-04-28 11:34:47,548 - DEBUG - 开始训练:...
2024-04-28 11:34:56,906 - DEBUG - 训练集准确率 acc: 97.92997  Train loss: 0.00008463
2024-04-28 11:34:57,687 - DEBUG - 测试集准确率 acc: 85.03619  Train loss: 0.00052627
2024-04-28 11:34:57,700 - DEBUG -  Epoch 3: 
2024-04-28 11:34:57,700 - DEBUG - 开始训练:...
2024-04-28 11:35:07,083 - DEBUG - 训练集准确率 acc: 98.98893  Train loss: 0.00004381
2024-04-28 11:35:07,864 - DEBUG - 测试集准确率 acc: 94.31673  Train loss: 0.00019977
2024-04-28 11:35:07,877 - DEBUG -  Epoch 4: 
2024-04-28 11:35:07,877 - DEBUG - 开始训练:...
2024-04-28 11:35:17,326 - DEBUG - 训练集准确率 acc: 99.36409  Train loss: 0.00002898
2024-04-28 11:35:18,085 - DEBUG - 测试集准确率 acc: 94.25287  Train loss: 0.00020587
2024-04-28 11:35:18,098 - DEBUG -  Epoch 5: 
2024-04-28 11:35:18,098 - DEBUG - 开始训练:...
2024-04-28 11:35:27,481 - DEBUG - 训练集准确率 acc: 99.38006  Train loss: 0.00002660
2024-04-28 11:35:28,254 - DEBUG - 测试集准确率 acc: 95.61516  Train loss: 0.00015978
2024-04-28 11:35:29,039 - DEBUG - 验证集准确率 acc: 95.33844  Train loss: 0.00018046
2024-04-28 11:35:29,066 - DEBUG -  Epoch 6: 
2024-04-28 11:35:29,066 - DEBUG - 开始训练:...
2024-04-28 11:35:38,537 - DEBUG - 训练集准确率 acc: 99.49447  Train loss: 0.00002110
2024-04-28 11:35:39,300 - DEBUG - 测试集准确率 acc: 94.72116  Train loss: 0.00019658
2024-04-28 11:35:39,327 - DEBUG -  Epoch 7: 
2024-04-28 11:35:39,327 - DEBUG - 开始训练:...
2024-04-28 11:35:48,719 - DEBUG - 训练集准确率 acc: 94.17305  Train loss: 0.00034554
2024-04-28 11:35:49,500 - DEBUG - 测试集准确率 acc: 70.17880  Train loss: 0.02858610
2024-04-28 11:35:49,528 - DEBUG -  Epoch 8: 
2024-04-28 11:35:49,528 - DEBUG - 开始训练:...
2024-04-28 11:35:58,963 - DEBUG - 训练集准确率 acc: 85.19583  Train loss: 0.00052534
2024-04-28 11:35:59,727 - DEBUG - 测试集准确率 acc: 83.52490  Train loss: 0.00049397
2024-04-28 11:35:59,755 - DEBUG -  Epoch 9: 
2024-04-28 11:35:59,755 - DEBUG - 开始训练:...
2024-04-28 11:36:09,154 - DEBUG - 训练集准确率 acc: 98.44349  Train loss: 0.00006571
2024-04-28 11:36:09,916 - DEBUG - 测试集准确率 acc: 91.48574  Train loss: 0.00028269
2024-04-28 11:36:09,945 - DEBUG -  Epoch 10: 
2024-04-28 11:36:09,945 - DEBUG - 开始训练:...
2024-04-28 11:36:19,395 - DEBUG - 训练集准确率 acc: 99.14059  Train loss: 0.00003887
2024-04-28 11:36:20,163 - DEBUG - 测试集准确率 acc: 92.76288  Train loss: 0.00025037
2024-04-28 11:36:20,935 - DEBUG - 验证集准确率 acc: 92.18817  Train loss: 0.00027482
2024-04-28 11:36:20,963 - DEBUG -  Epoch 11: 
2024-04-28 11:36:20,963 - DEBUG - 开始训练:...
2024-04-28 11:36:30,414 - DEBUG - 训练集准确率 acc: 99.33748  Train loss: 0.00002828
2024-04-28 11:36:31,192 - DEBUG - 测试集准确率 acc: 94.69987  Train loss: 0.00019981
2024-04-28 11:36:31,221 - DEBUG -  Epoch 12: 
2024-04-28 11:36:31,221 - DEBUG - 开始训练:...
2024-04-28 11:36:40,630 - DEBUG - 训练集准确率 acc: 99.39602  Train loss: 0.00002747
2024-04-28 11:36:41,398 - DEBUG - 测试集准确率 acc: 95.72158  Train loss: 0.00016083
2024-04-28 11:36:41,424 - DEBUG -  Epoch 13: 
2024-04-28 11:36:41,424 - DEBUG - 开始训练:...
2024-04-28 11:36:50,836 - DEBUG - 训练集准确率 acc: 99.40400  Train loss: 0.00002477
2024-04-28 11:36:51,604 - DEBUG - 测试集准确率 acc: 96.12601  Train loss: 0.00014377
2024-04-28 11:36:51,617 - DEBUG -  Epoch 14: 
2024-04-28 11:36:51,617 - DEBUG - 开始训练:...
2024-04-28 11:37:00,993 - DEBUG - 训练集准确率 acc: 99.45456  Train loss: 0.00002309
2024-04-28 11:37:01,765 - DEBUG - 测试集准确率 acc: 95.91315  Train loss: 0.00014717
2024-04-28 11:37:01,779 - DEBUG -  Epoch 15: 
2024-04-28 11:37:01,779 - DEBUG - 开始训练:...
2024-04-28 11:37:11,211 - DEBUG - 训练集准确率 acc: 99.56098  Train loss: 0.00002062
2024-04-28 11:37:11,976 - DEBUG - 测试集准确率 acc: 94.84887  Train loss: 0.00019186
2024-04-28 11:37:12,751 - DEBUG - 验证集准确率 acc: 94.38059  Train loss: 0.00021383
2024-04-28 11:37:12,763 - DEBUG -  Epoch 16: 
2024-04-28 11:37:12,764 - DEBUG - 开始训练:...
2024-04-28 11:37:22,147 - DEBUG - 训练集准确率 acc: 99.58227  Train loss: 0.00001957
2024-04-28 11:37:22,922 - DEBUG - 测试集准确率 acc: 96.42401  Train loss: 0.00012887
2024-04-28 11:37:22,934 - DEBUG -  Epoch 17: 
2024-04-28 11:37:22,934 - DEBUG - 开始训练:...
2024-04-28 11:37:32,340 - DEBUG - 训练集准确率 acc: 99.60622  Train loss: 0.00001907
2024-04-28 11:37:33,104 - DEBUG - 测试集准确率 acc: 96.89229  Train loss: 0.00011943
2024-04-28 11:37:33,118 - DEBUG -  Epoch 18: 
2024-04-28 11:37:33,118 - DEBUG - 开始训练:...
2024-04-28 11:37:42,505 - DEBUG - 训练集准确率 acc: 99.61420  Train loss: 0.00001627
2024-04-28 11:37:43,268 - DEBUG - 测试集准确率 acc: 94.52959  Train loss: 0.00021433
2024-04-28 11:37:43,280 - DEBUG -  Epoch 19: 
2024-04-28 11:37:43,281 - DEBUG - 开始训练:...
2024-04-28 11:37:52,691 - DEBUG - 训练集准确率 acc: 99.65943  Train loss: 0.00001617
2024-04-28 11:37:53,465 - DEBUG - 测试集准确率 acc: 96.70072  Train loss: 0.00012958
2024-04-28 11:37:53,479 - DEBUG -  Epoch 20: 
2024-04-28 11:37:53,479 - DEBUG - 开始训练:...
2024-04-28 11:38:02,864 - DEBUG - 训练集准确率 acc: 99.56897  Train loss: 0.00001869
2024-04-28 11:38:03,633 - DEBUG - 测试集准确率 acc: 96.53044  Train loss: 0.00013043
2024-04-28 11:38:04,406 - DEBUG - 验证集准确率 acc: 96.23244  Train loss: 0.00014442
2024-04-28 11:38:04,418 - DEBUG -  Epoch 21: 
2024-04-28 11:38:04,418 - DEBUG - 开始训练:...
2024-04-28 11:38:13,837 - DEBUG - 训练集准确率 acc: 99.64347  Train loss: 0.00001624
2024-04-28 11:38:14,603 - DEBUG - 测试集准确率 acc: 95.74287  Train loss: 0.00015651
2024-04-28 11:38:14,615 - DEBUG -  Epoch 22: 
2024-04-28 11:38:14,615 - DEBUG - 开始训练:...
2024-04-28 11:38:24,007 - DEBUG - 训练集准确率 acc: 99.67007  Train loss: 0.00001496
2024-04-28 11:38:24,772 - DEBUG - 测试集准确率 acc: 96.42401  Train loss: 0.00014080
2024-04-28 11:38:24,800 - DEBUG -  Epoch 23: 
2024-04-28 11:38:24,800 - DEBUG - 开始训练:...
2024-04-28 11:38:34,230 - DEBUG - 训练集准确率 acc: 99.67539  Train loss: 0.00001590
2024-04-28 11:38:34,999 - DEBUG - 测试集准确率 acc: 96.70072  Train loss: 0.00012624
2024-04-28 11:38:35,030 - DEBUG -  Epoch 24: 
2024-04-28 11:38:35,030 - DEBUG - 开始训练:...
2024-04-28 11:38:44,459 - DEBUG - 训练集准确率 acc: 99.69668  Train loss: 0.00001430
2024-04-28 11:38:45,223 - DEBUG - 测试集准确率 acc: 96.53044  Train loss: 0.00012661
2024-04-28 11:38:45,250 - DEBUG -  Epoch 25: 
2024-04-28 11:38:45,250 - DEBUG - 开始训练:...
2024-04-28 11:38:54,690 - DEBUG - 训练集准确率 acc: 99.67539  Train loss: 0.00001433
2024-04-28 11:38:55,450 - DEBUG - 测试集准确率 acc: 97.02001  Train loss: 0.00012137
2024-04-28 11:38:56,241 - DEBUG - 验证集准确率 acc: 96.55172  Train loss: 0.00013104
2024-04-28 11:38:56,270 - DEBUG -  Epoch 26: 
2024-04-28 11:38:56,270 - DEBUG - 开始训练:...
2024-04-28 11:39:05,562 - DEBUG - 训练集准确率 acc: 99.74723  Train loss: 0.00001083
2024-04-28 11:39:06,321 - DEBUG - 测试集准确率 acc: 96.91358  Train loss: 0.00012166
2024-04-28 11:39:06,334 - DEBUG -  Epoch 27: 
2024-04-28 11:39:06,334 - DEBUG - 开始训练:...
2024-04-28 11:39:15,680 - DEBUG - 训练集准确率 acc: 99.72861  Train loss: 0.00001250
2024-04-28 11:39:16,441 - DEBUG - 测试集准确率 acc: 97.25415  Train loss: 0.00011365
2024-04-28 11:39:16,453 - DEBUG -  Epoch 28: 
2024-04-28 11:39:16,453 - DEBUG - 开始训练:...
2024-04-28 11:39:25,786 - DEBUG - 训练集准确率 acc: 99.74989  Train loss: 0.00001163
2024-04-28 11:39:26,548 - DEBUG - 测试集准确率 acc: 96.72201  Train loss: 0.00013634
2024-04-28 11:39:26,561 - DEBUG -  Epoch 29: 
2024-04-28 11:39:26,561 - DEBUG - 开始训练:...
2024-04-28 11:39:35,934 - DEBUG - 训练集准确率 acc: 99.70998  Train loss: 0.00001341
2024-04-28 11:39:36,690 - DEBUG - 测试集准确率 acc: 97.57344  Train loss: 0.00009167
2024-04-28 11:39:36,703 - DEBUG -  Epoch 30: 
2024-04-28 11:39:36,703 - DEBUG - 开始训练:...
2024-04-28 11:39:46,049 - DEBUG - 训练集准确率 acc: 99.76320  Train loss: 0.00001042
2024-04-28 11:39:46,809 - DEBUG - 测试集准确率 acc: 97.33929  Train loss: 0.00011503
2024-04-28 11:39:47,570 - DEBUG - 验证集准确率 acc: 96.91358  Train loss: 0.00012190
2024-04-28 11:39:47,583 - DEBUG -  Epoch 31: 
2024-04-28 11:39:47,583 - DEBUG - 开始训练:...
2024-04-28 11:39:56,882 - DEBUG - 训练集准确率 acc: 99.76852  Train loss: 0.00001099
2024-04-28 11:39:57,640 - DEBUG - 测试集准确率 acc: 97.14772  Train loss: 0.00010349
2024-04-28 11:39:57,653 - DEBUG -  Epoch 32: 
2024-04-28 11:39:57,653 - DEBUG - 开始训练:...
2024-04-28 11:40:07,006 - DEBUG - 训练集准确率 acc: 99.78448  Train loss: 0.00001033
2024-04-28 11:40:07,763 - DEBUG - 测试集准确率 acc: 97.72244  Train loss: 0.00009099
2024-04-28 11:40:07,776 - DEBUG -  Epoch 33: 
2024-04-28 11:40:07,776 - DEBUG - 开始训练:...
2024-04-28 11:40:17,060 - DEBUG - 训练集准确率 acc: 99.75788  Train loss: 0.00001140
2024-04-28 11:40:17,818 - DEBUG - 测试集准确率 acc: 97.31801  Train loss: 0.00010702
2024-04-28 11:40:17,831 - DEBUG -  Epoch 34: 
2024-04-28 11:40:17,831 - DEBUG - 开始训练:...
2024-04-28 11:40:27,147 - DEBUG - 训练集准确率 acc: 99.73925  Train loss: 0.00001158
2024-04-28 11:40:27,908 - DEBUG - 测试集准确率 acc: 97.63729  Train loss: 0.00009321
2024-04-28 11:40:27,921 - DEBUG -  Epoch 35: 
2024-04-28 11:40:27,921 - DEBUG - 开始训练:...
2024-04-28 11:40:37,203 - DEBUG - 训练集准确率 acc: 99.78714  Train loss: 0.00001143
2024-04-28 11:40:37,961 - DEBUG - 测试集准确率 acc: 97.50958  Train loss: 0.00009730
2024-04-28 11:40:38,724 - DEBUG - 验证集准确率 acc: 97.42444  Train loss: 0.00010612
2024-04-28 11:40:38,737 - DEBUG -  Epoch 36: 
2024-04-28 11:40:38,737 - DEBUG - 开始训练:...
2024-04-28 11:40:48,081 - DEBUG - 训练集准确率 acc: 99.81109  Train loss: 0.00000911
2024-04-28 11:40:48,838 - DEBUG - 测试集准确率 acc: 97.67986  Train loss: 0.00009337
2024-04-28 11:40:48,850 - DEBUG -  Epoch 37: 
2024-04-28 11:40:48,850 - DEBUG - 开始训练:...
2024-04-28 11:40:58,139 - DEBUG - 训练集准确率 acc: 99.81375  Train loss: 0.00000882
2024-04-28 11:40:58,891 - DEBUG - 测试集准确率 acc: 97.63729  Train loss: 0.00009193
2024-04-28 11:40:58,919 - DEBUG -  Epoch 38: 
2024-04-28 11:40:58,919 - DEBUG - 开始训练:...
2024-04-28 11:41:08,221 - DEBUG - 训练集准确率 acc: 99.81641  Train loss: 0.00000928
2024-04-28 11:41:08,960 - DEBUG - 测试集准确率 acc: 97.65858  Train loss: 0.00009207
2024-04-28 11:41:08,993 - DEBUG -  Epoch 39: 
2024-04-28 11:41:08,994 - DEBUG - 开始训练:...
2024-04-28 11:41:18,183 - DEBUG - 训练集准确率 acc: 99.78714  Train loss: 0.00001035
2024-04-28 11:41:18,923 - DEBUG - 测试集准确率 acc: 97.72244  Train loss: 0.00009482
2024-04-28 11:41:18,952 - DEBUG -  Epoch 40: 
2024-04-28 11:41:18,953 - DEBUG - 开始训练:...
2024-04-28 11:41:28,172 - DEBUG - 训练集准确率 acc: 99.86164  Train loss: 0.00000677
2024-04-28 11:41:28,913 - DEBUG - 测试集准确率 acc: 97.70115  Train loss: 0.00009420
2024-04-28 11:41:29,659 - DEBUG - 验证集准确率 acc: 97.48829  Train loss: 0.00010038
2024-04-28 11:41:29,688 - DEBUG -  Epoch 41: 
2024-04-28 11:41:29,688 - DEBUG - 开始训练:...
2024-04-28 11:41:38,836 - DEBUG - 训练集准确率 acc: 99.81641  Train loss: 0.00000860
2024-04-28 11:41:39,579 - DEBUG - 测试集准确率 acc: 97.55215  Train loss: 0.00010197
2024-04-28 11:41:39,606 - DEBUG -  Epoch 42: 
2024-04-28 11:41:39,606 - DEBUG - 开始训练:...
2024-04-28 11:41:48,811 - DEBUG - 训练集准确率 acc: 99.81907  Train loss: 0.00000750
2024-04-28 11:41:49,550 - DEBUG - 测试集准确率 acc: 97.91401  Train loss: 0.00008670
2024-04-28 11:41:49,562 - DEBUG -  Epoch 43: 
2024-04-28 11:41:49,563 - DEBUG - 开始训练:...
2024-04-28 11:41:58,718 - DEBUG - 训练集准确率 acc: 99.82971  Train loss: 0.00000802
2024-04-28 11:41:59,461 - DEBUG - 测试集准确率 acc: 97.87143  Train loss: 0.00009348
2024-04-28 11:41:59,473 - DEBUG -  Epoch 44: 
2024-04-28 11:41:59,473 - DEBUG - 开始训练:...
2024-04-28 11:42:08,651 - DEBUG - 训练集准确率 acc: 99.83238  Train loss: 0.00000800
2024-04-28 11:42:09,390 - DEBUG - 测试集准确率 acc: 97.91401  Train loss: 0.00008477
2024-04-28 11:42:09,403 - DEBUG -  Epoch 45: 
2024-04-28 11:42:09,403 - DEBUG - 开始训练:...
2024-04-28 11:42:18,599 - DEBUG - 训练集准确率 acc: 99.84568  Train loss: 0.00000727
2024-04-28 11:42:19,340 - DEBUG - 测试集准确率 acc: 97.67986  Train loss: 0.00009803
2024-04-28 11:42:20,084 - DEBUG - 验证集准确率 acc: 97.46701  Train loss: 0.00010266
2024-04-28 11:42:20,096 - DEBUG -  Epoch 46: 
2024-04-28 11:42:20,097 - DEBUG - 开始训练:...
2024-04-28 11:42:29,264 - DEBUG - 训练集准确率 acc: 99.83238  Train loss: 0.00000746
2024-04-28 11:42:30,005 - DEBUG - 测试集准确率 acc: 97.80758  Train loss: 0.00008790
2024-04-28 11:42:30,018 - DEBUG -  Epoch 47: 
2024-04-28 11:42:30,018 - DEBUG - 开始训练:...
2024-04-28 11:42:39,195 - DEBUG - 训练集准确率 acc: 99.81375  Train loss: 0.00000881
2024-04-28 11:42:39,930 - DEBUG - 测试集准确率 acc: 97.91401  Train loss: 0.00008326
2024-04-28 11:42:39,958 - DEBUG -  Epoch 48: 
2024-04-28 11:42:39,958 - DEBUG - 开始训练:...
2024-04-28 11:42:49,168 - DEBUG - 训练集准确率 acc: 99.80045  Train loss: 0.00001050
2024-04-28 11:42:49,904 - DEBUG - 测试集准确率 acc: 97.99915  Train loss: 0.00008405
2024-04-28 11:42:49,917 - DEBUG -  Epoch 49: 
2024-04-28 11:42:49,917 - DEBUG - 开始训练:...
2024-04-28 11:42:59,092 - DEBUG - 训练集准确率 acc: 99.82705  Train loss: 0.00000723
2024-04-28 11:42:59,831 - DEBUG - 测试集准确率 acc: 97.78629  Train loss: 0.00009225
2024-04-28 11:42:59,843 - DEBUG -  Epoch 50: 
2024-04-28 11:42:59,843 - DEBUG - 开始训练:...
2024-04-28 11:43:09,055 - DEBUG - 训练集准确率 acc: 99.85100  Train loss: 0.00000658
2024-04-28 11:43:09,801 - DEBUG - 测试集准确率 acc: 97.61601  Train loss: 0.00009857
2024-04-28 11:43:10,557 - DEBUG - 验证集准确率 acc: 97.31801  Train loss: 0.00010919
2024-04-28 11:43:10,570 - DEBUG -  Epoch 51: 
2024-04-28 11:43:10,570 - DEBUG - 开始训练:...
2024-04-28 11:43:19,860 - DEBUG - 训练集准确率 acc: 99.84036  Train loss: 0.00000782
2024-04-28 11:43:20,618 - DEBUG - 测试集准确率 acc: 97.74372  Train loss: 0.00010171
2024-04-28 11:43:20,631 - DEBUG -  Epoch 52: 
2024-04-28 11:43:20,631 - DEBUG - 开始训练:...
2024-04-28 11:43:29,924 - DEBUG - 训练集准确率 acc: 99.85100  Train loss: 0.00000728
2024-04-28 11:43:30,682 - DEBUG - 测试集准确率 acc: 97.55215  Train loss: 0.00010366
2024-04-28 11:43:30,732 - DEBUG -  Epoch 53: 
2024-04-28 11:43:30,732 - DEBUG - 开始训练:...
2024-04-28 11:43:40,208 - DEBUG - 训练集准确率 acc: 99.84834  Train loss: 0.00000818
2024-04-28 11:43:41,037 - DEBUG - 测试集准确率 acc: 97.89272  Train loss: 0.00009054
2024-04-28 11:43:41,065 - DEBUG -  Epoch 54: 
2024-04-28 11:43:41,065 - DEBUG - 开始训练:...
2024-04-28 11:43:51,068 - DEBUG - 训练集准确率 acc: 99.81641  Train loss: 0.00000940
2024-04-28 11:43:51,820 - DEBUG - 测试集准确率 acc: 97.89272  Train loss: 0.00009136
2024-04-28 11:43:51,849 - DEBUG -  Epoch 55: 
2024-04-28 11:43:51,849 - DEBUG - 开始训练:...
2024-04-28 11:44:01,054 - DEBUG - 训练集准确率 acc: 99.81907  Train loss: 0.00000838
2024-04-28 11:44:01,802 - DEBUG - 测试集准确率 acc: 97.55215  Train loss: 0.00010034
2024-04-28 11:44:02,556 - DEBUG - 验证集准确率 acc: 97.55215  Train loss: 0.00010432
2024-04-28 11:44:02,584 - DEBUG -  Epoch 56: 
2024-04-28 11:44:02,584 - DEBUG - 开始训练:...
2024-04-28 11:44:11,828 - DEBUG - 训练集准确率 acc: 99.81109  Train loss: 0.00000904
2024-04-28 11:44:12,612 - DEBUG - 测试集准确率 acc: 97.72244  Train loss: 0.00009673
2024-04-28 11:44:12,641 - DEBUG -  Epoch 57: 
2024-04-28 11:44:12,641 - DEBUG - 开始训练:...
2024-04-28 11:44:21,853 - DEBUG - 训练集准确率 acc: 99.82705  Train loss: 0.00000738
2024-04-28 11:44:22,604 - DEBUG - 测试集准确率 acc: 97.93529  Train loss: 0.00009922
2024-04-28 11:44:22,633 - DEBUG -  Epoch 58: 
2024-04-28 11:44:22,633 - DEBUG - 开始训练:...
2024-04-28 11:44:31,853 - DEBUG - 训练集准确率 acc: 99.82971  Train loss: 0.00000789
2024-04-28 11:44:32,598 - DEBUG - 测试集准确率 acc: 97.80758  Train loss: 0.00008703
2024-04-28 11:44:32,630 - DEBUG -  Epoch 59: 
2024-04-28 11:44:32,630 - DEBUG - 开始训练:...
2024-04-28 11:44:41,898 - DEBUG - 训练集准确率 acc: 99.83770  Train loss: 0.00000746
2024-04-28 11:44:42,647 - DEBUG - 测试集准确率 acc: 97.99915  Train loss: 0.00008334
2024-04-28 11:44:42,675 - DEBUG -  Epoch 60: 
2024-04-28 11:44:42,675 - DEBUG - 开始训练:...
2024-04-28 11:44:51,904 - DEBUG - 训练集准确率 acc: 99.80045  Train loss: 0.00000893
2024-04-28 11:44:52,654 - DEBUG - 测试集准确率 acc: 97.48829  Train loss: 0.00010635
2024-04-28 11:44:53,407 - DEBUG - 验证集准确率 acc: 97.46701  Train loss: 0.00010713
2024-04-28 11:44:53,436 - DEBUG -  Epoch 61: 
2024-04-28 11:44:53,436 - DEBUG - 开始训练:...
2024-04-28 11:45:02,660 - DEBUG - 训练集准确率 acc: 99.82439  Train loss: 0.00000733
2024-04-28 11:45:03,408 - DEBUG - 测试集准确率 acc: 97.67986  Train loss: 0.00010437
2024-04-28 11:45:03,437 - DEBUG -  Epoch 62: 
2024-04-28 11:45:03,437 - DEBUG - 开始训练:...
2024-04-28 11:45:12,721 - DEBUG - 训练集准确率 acc: 99.84568  Train loss: 0.00000774
2024-04-28 11:45:13,468 - DEBUG - 测试集准确率 acc: 97.78629  Train loss: 0.00009059
2024-04-28 11:45:13,496 - DEBUG -  Epoch 63: 
2024-04-28 11:45:13,496 - DEBUG - 开始训练:...
2024-04-28 11:45:22,733 - DEBUG - 训练集准确率 acc: 99.80843  Train loss: 0.00000777
2024-04-28 11:45:23,502 - DEBUG - 测试集准确率 acc: 97.80758  Train loss: 0.00009855
2024-04-28 11:45:23,531 - DEBUG -  Epoch 64: 
2024-04-28 11:45:23,531 - DEBUG - 开始训练:...
2024-04-28 11:45:32,928 - DEBUG - 训练集准确率 acc: 99.76586  Train loss: 0.00000898
2024-04-28 11:45:33,696 - DEBUG - 测试集准确率 acc: 95.76415  Train loss: 0.00015852
2024-04-28 11:45:33,725 - DEBUG -  Epoch 65: 
2024-04-28 11:45:33,725 - DEBUG - 开始训练:...
2024-04-28 11:45:43,073 - DEBUG - 训练集准确率 acc: 99.79246  Train loss: 0.00001008
2024-04-28 11:45:43,835 - DEBUG - 测试集准确率 acc: 97.89272  Train loss: 0.00008891
2024-04-28 11:45:44,608 - DEBUG - 验证集准确率 acc: 97.63729  Train loss: 0.00009946
2024-04-28 11:45:44,638 - DEBUG -  Epoch 66: 
2024-04-28 11:45:44,638 - DEBUG - 开始训练:...
2024-04-28 11:45:53,988 - DEBUG - 训练集准确率 acc: 99.79779  Train loss: 0.00000861
2024-04-28 11:45:54,786 - DEBUG - 测试集准确率 acc: 97.65858  Train loss: 0.00010356
2024-04-28 11:45:54,816 - DEBUG -  Epoch 67: 
2024-04-28 11:45:54,816 - DEBUG - 开始训练:...
2024-04-28 11:46:04,169 - DEBUG - 训练集准确率 acc: 99.82705  Train loss: 0.00000929
2024-04-28 11:46:04,931 - DEBUG - 测试集准确率 acc: 97.76501  Train loss: 0.00008794
2024-04-28 11:46:04,963 - DEBUG -  Epoch 68: 
2024-04-28 11:46:04,963 - DEBUG - 开始训练:...
2024-04-28 11:46:14,324 - DEBUG - 训练集准确率 acc: 99.82705  Train loss: 0.00000755
2024-04-28 11:46:15,088 - DEBUG - 测试集准确率 acc: 97.87143  Train loss: 0.00009776
2024-04-28 11:46:15,118 - DEBUG -  Epoch 69: 
2024-04-28 11:46:15,118 - DEBUG - 开始训练:...
2024-04-28 11:46:24,524 - DEBUG - 训练集准确率 acc: 99.83504  Train loss: 0.00000794
2024-04-28 11:46:25,290 - DEBUG - 测试集准确率 acc: 97.82886  Train loss: 0.00009259
2024-04-28 11:46:25,319 - DEBUG -  Epoch 70: 
2024-04-28 11:46:25,319 - DEBUG - 开始训练:...
2024-04-28 11:46:34,680 - DEBUG - 训练集准确率 acc: 99.79779  Train loss: 0.00000792
2024-04-28 11:46:35,443 - DEBUG - 测试集准确率 acc: 97.93529  Train loss: 0.00009048
2024-04-28 11:46:36,214 - DEBUG - 验证集准确率 acc: 97.65858  Train loss: 0.00009622
2024-04-28 11:46:36,244 - DEBUG -  Epoch 71: 
2024-04-28 11:46:36,244 - DEBUG - 开始训练:...
2024-04-28 11:46:45,648 - DEBUG - 训练集准确率 acc: 99.82705  Train loss: 0.00000878
2024-04-28 11:46:46,415 - DEBUG - 测试集准确率 acc: 98.14815  Train loss: 0.00008109
2024-04-28 11:46:46,428 - DEBUG -  Epoch 72: 
2024-04-28 11:46:46,428 - DEBUG - 开始训练:...
2024-04-28 11:46:55,649 - DEBUG - 训练集准确率 acc: 99.82971  Train loss: 0.00000834
2024-04-28 11:46:56,398 - DEBUG - 测试集准确率 acc: 98.08429  Train loss: 0.00008858
2024-04-28 11:46:56,411 - DEBUG -  Epoch 73: 
2024-04-28 11:46:56,411 - DEBUG - 开始训练:...
2024-04-28 11:47:05,620 - DEBUG - 训练集准确率 acc: 99.83238  Train loss: 0.00000714
2024-04-28 11:47:06,404 - DEBUG - 测试集准确率 acc: 98.16943  Train loss: 0.00008103
2024-04-28 11:47:06,416 - DEBUG -  Epoch 74: 
2024-04-28 11:47:06,416 - DEBUG - 开始训练:...
2024-04-28 11:47:15,702 - DEBUG - 训练集准确率 acc: 99.87229  Train loss: 0.00000703
2024-04-28 11:47:16,471 - DEBUG - 测试集准确率 acc: 97.93529  Train loss: 0.00009069
2024-04-28 11:47:16,485 - DEBUG -  Epoch 75: 
2024-04-28 11:47:16,485 - DEBUG - 开始训练:...
2024-04-28 11:47:25,857 - DEBUG - 训练集准确率 acc: 99.85100  Train loss: 0.00000631
2024-04-28 11:47:26,619 - DEBUG - 测试集准确率 acc: 97.93529  Train loss: 0.00009690
2024-04-28 11:47:27,389 - DEBUG - 验证集准确率 acc: 97.61601  Train loss: 0.00010574
2024-04-28 11:47:27,402 - DEBUG -  Epoch 76: 
2024-04-28 11:47:27,402 - DEBUG - 开始训练:...
2024-04-28 11:47:36,730 - DEBUG - 训练集准确率 acc: 99.84834  Train loss: 0.00000707
2024-04-28 11:47:37,498 - DEBUG - 测试集准确率 acc: 97.53086  Train loss: 0.00009491
2024-04-28 11:47:37,511 - DEBUG -  Epoch 77: 
2024-04-28 11:47:37,511 - DEBUG - 开始训练:...
2024-04-28 11:47:46,857 - DEBUG - 训练集准确率 acc: 99.82439  Train loss: 0.00000843
2024-04-28 11:47:47,624 - DEBUG - 测试集准确率 acc: 97.78629  Train loss: 0.00010283
2024-04-28 11:47:47,637 - DEBUG -  Epoch 78: 
2024-04-28 11:47:47,637 - DEBUG - 开始训练:...
2024-04-28 11:47:56,949 - DEBUG - 训练集准确率 acc: 99.79779  Train loss: 0.00000846
2024-04-28 11:47:57,714 - DEBUG - 测试集准确率 acc: 97.89272  Train loss: 0.00009659
2024-04-28 11:47:57,743 - DEBUG -  Epoch 79: 
2024-04-28 11:47:57,743 - DEBUG - 开始训练:...
2024-04-28 11:48:07,107 - DEBUG - 训练集准确率 acc: 99.82971  Train loss: 0.00000721
2024-04-28 11:48:07,871 - DEBUG - 测试集准确率 acc: 98.21201  Train loss: 0.00008841
2024-04-28 11:48:07,884 - DEBUG -  Epoch 80: 
2024-04-28 11:48:07,884 - DEBUG - 开始训练:...
2024-04-28 11:48:17,193 - DEBUG - 训练集准确率 acc: 99.87495  Train loss: 0.00000547
2024-04-28 11:48:17,955 - DEBUG - 测试集准确率 acc: 97.95658  Train loss: 0.00009569
2024-04-28 11:48:18,723 - DEBUG - 验证集准确率 acc: 98.02043  Train loss: 0.00008940
2024-04-28 11:48:18,736 - DEBUG -  Epoch 81: 
2024-04-28 11:48:18,736 - DEBUG - 开始训练:...
2024-04-28 11:48:28,094 - DEBUG - 训练集准确率 acc: 99.83770  Train loss: 0.00000669
2024-04-28 11:48:28,857 - DEBUG - 测试集准确率 acc: 97.89272  Train loss: 0.00009423
2024-04-28 11:48:28,871 - DEBUG -  Epoch 82: 
2024-04-28 11:48:28,871 - DEBUG - 开始训练:...
2024-04-28 11:48:38,214 - DEBUG - 训练集准确率 acc: 99.82439  Train loss: 0.00000692
2024-04-28 11:48:38,981 - DEBUG - 测试集准确率 acc: 98.04172  Train loss: 0.00009294
2024-04-28 11:48:38,993 - DEBUG -  Epoch 83: 
2024-04-28 11:48:38,993 - DEBUG - 开始训练:...
2024-04-28 11:48:48,348 - DEBUG - 训练集准确率 acc: 99.85366  Train loss: 0.00000793
2024-04-28 11:48:49,109 - DEBUG - 测试集准确率 acc: 98.10558  Train loss: 0.00008311
2024-04-28 11:48:49,122 - DEBUG -  Epoch 84: 
2024-04-28 11:48:49,122 - DEBUG - 开始训练:...
2024-04-28 11:48:58,445 - DEBUG - 训练集准确率 acc: 99.83770  Train loss: 0.00000718
2024-04-28 11:48:59,208 - DEBUG - 测试集准确率 acc: 98.04172  Train loss: 0.00009581
2024-04-28 11:48:59,237 - DEBUG -  Epoch 85: 
2024-04-28 11:48:59,237 - DEBUG - 开始训练:...
2024-04-28 11:49:08,604 - DEBUG - 训练集准确率 acc: 99.81907  Train loss: 0.00000881
2024-04-28 11:49:09,366 - DEBUG - 测试集准确率 acc: 97.63729  Train loss: 0.00010478
2024-04-28 11:49:10,145 - DEBUG - 验证集准确率 acc: 97.44572  Train loss: 0.00010926
2024-04-28 11:49:10,174 - DEBUG -  Epoch 86: 
2024-04-28 11:49:10,174 - DEBUG - 开始训练:...
2024-04-28 11:49:19,526 - DEBUG - 训练集准确率 acc: 99.81907  Train loss: 0.00000738
2024-04-28 11:49:20,287 - DEBUG - 测试集准确率 acc: 97.50958  Train loss: 0.00012253
2024-04-28 11:49:20,317 - DEBUG -  Epoch 87: 
2024-04-28 11:49:20,317 - DEBUG - 开始训练:...
2024-04-28 11:49:29,650 - DEBUG - 训练集准确率 acc: 99.84568  Train loss: 0.00000660
2024-04-28 11:49:30,444 - DEBUG - 测试集准确率 acc: 98.08429  Train loss: 0.00009360
2024-04-28 11:49:30,473 - DEBUG -  Epoch 88: 
2024-04-28 11:49:30,473 - DEBUG - 开始训练:...
2024-04-28 11:49:39,736 - DEBUG - 训练集准确率 acc: 99.83504  Train loss: 0.00000800
2024-04-28 11:49:40,482 - DEBUG - 测试集准确率 acc: 97.99915  Train loss: 0.00010233
2024-04-28 11:49:40,510 - DEBUG -  Epoch 89: 
2024-04-28 11:49:40,510 - DEBUG - 开始训练:...
2024-04-28 11:49:49,724 - DEBUG - 训练集准确率 acc: 99.84302  Train loss: 0.00000718
2024-04-28 11:49:50,474 - DEBUG - 测试集准确率 acc: 98.10558  Train loss: 0.00008607
2024-04-28 11:49:50,501 - DEBUG -  Epoch 90: 
2024-04-28 11:49:50,502 - DEBUG - 开始训练:...
2024-04-28 11:49:59,752 - DEBUG - 训练集准确率 acc: 99.83504  Train loss: 0.00000687
2024-04-28 11:50:00,500 - DEBUG - 测试集准确率 acc: 98.16943  Train loss: 0.00008677
2024-04-28 11:50:01,248 - DEBUG - 验证集准确率 acc: 97.95658  Train loss: 0.00008928
2024-04-28 11:50:01,283 - DEBUG -  Epoch 91: 
2024-04-28 11:50:01,284 - DEBUG - 开始训练:...
2024-04-28 11:50:10,529 - DEBUG - 训练集准确率 acc: 99.82705  Train loss: 0.00000804
2024-04-28 11:50:11,273 - DEBUG - 测试集准确率 acc: 97.91401  Train loss: 0.00009842
2024-04-28 11:50:11,303 - DEBUG -  Epoch 92: 
2024-04-28 11:50:11,303 - DEBUG - 开始训练:...
2024-04-28 11:50:20,562 - DEBUG - 训练集准确率 acc: 99.84568  Train loss: 0.00000623
2024-04-28 11:50:21,307 - DEBUG - 测试集准确率 acc: 97.95658  Train loss: 0.00009553
2024-04-28 11:50:21,338 - DEBUG -  Epoch 93: 
2024-04-28 11:50:21,338 - DEBUG - 开始训练:...
2024-04-28 11:50:30,542 - DEBUG - 训练集准确率 acc: 97.54417  Train loss: 0.00013439
2024-04-28 11:50:31,284 - DEBUG - 测试集准确率 acc: 84.24862  Train loss: 0.00139755
2024-04-28 11:50:31,314 - DEBUG -  Epoch 94: 
2024-04-28 11:50:31,314 - DEBUG - 开始训练:...
2024-04-28 11:50:40,627 - DEBUG - 训练集准确率 acc: 99.27097  Train loss: 0.00003257
2024-04-28 11:50:41,386 - DEBUG - 测试集准确率 acc: 94.63602  Train loss: 0.00019779
2024-04-28 11:50:41,416 - DEBUG -  Epoch 95: 
2024-04-28 11:50:41,416 - DEBUG - 开始训练:...
2024-04-28 11:50:50,792 - DEBUG - 训练集准确率 acc: 99.68870  Train loss: 0.00001466
2024-04-28 11:50:51,554 - DEBUG - 测试集准确率 acc: 96.40272  Train loss: 0.00014088
2024-04-28 11:50:52,325 - DEBUG - 验证集准确率 acc: 96.29630  Train loss: 0.00014551
2024-04-28 11:50:52,355 - DEBUG -  Epoch 96: 
2024-04-28 11:50:52,355 - DEBUG - 开始训练:...
2024-04-28 11:51:01,700 - DEBUG - 训练集准确率 acc: 99.70998  Train loss: 0.00001411
2024-04-28 11:51:02,506 - DEBUG - 测试集准确率 acc: 97.14772  Train loss: 0.00011598
2024-04-28 11:51:02,543 - DEBUG -  Epoch 97: 
2024-04-28 11:51:02,543 - DEBUG - 开始训练:...
2024-04-28 11:51:11,874 - DEBUG - 训练集准确率 acc: 99.75255  Train loss: 0.00001031
2024-04-28 11:51:12,637 - DEBUG - 测试集准确率 acc: 97.21158  Train loss: 0.00011639
2024-04-28 11:51:12,666 - DEBUG -  Epoch 98: 
2024-04-28 11:51:12,666 - DEBUG - 开始训练:...
2024-04-28 11:51:22,055 - DEBUG - 训练集准确率 acc: 99.75521  Train loss: 0.00001167
2024-04-28 11:51:22,819 - DEBUG - 测试集准确率 acc: 97.23287  Train loss: 0.00012047
2024-04-28 11:51:22,847 - DEBUG -  Epoch 99: 
2024-04-28 11:51:22,848 - DEBUG - 开始训练:...
2024-04-28 11:51:32,166 - DEBUG - 训练集准确率 acc: 99.78448  Train loss: 0.00001038
2024-04-28 11:51:32,922 - DEBUG - 测试集准确率 acc: 97.53086  Train loss: 0.00010732
2024-04-28 14:50:50,594 - DEBUG -  Epoch 0: 
2024-04-28 14:50:50,594 - DEBUG - 开始训练:...
2024-04-28 14:51:00,280 - DEBUG - 训练集准确率 acc: 88.58025  Train loss: 0.00037238
2024-04-28 14:51:01,073 - DEBUG - 测试集准确率 acc: 69.22095  Train loss: 0.00152024
2024-04-28 14:51:01,880 - DEBUG - 验证集准确率 acc: 69.39123  Train loss: 0.00154417
2024-04-28 14:51:01,894 - DEBUG -  Epoch 1: 
2024-04-28 14:51:01,894 - DEBUG - 开始训练:...
2024-04-28 14:51:11,325 - DEBUG - 训练集准确率 acc: 88.58291  Train loss: 0.00039700
2024-04-28 14:51:12,107 - DEBUG - 测试集准确率 acc: 88.14389  Train loss: 0.00039385
2024-04-28 14:51:12,121 - DEBUG -  Epoch 2: 
2024-04-28 14:51:12,121 - DEBUG - 开始训练:...
2024-04-28 14:51:21,605 - DEBUG - 训练集准确率 acc: 99.00756  Train loss: 0.00004241
2024-04-28 14:51:22,393 - DEBUG - 测试集准确率 acc: 91.71988  Train loss: 0.00030233
2024-04-28 14:51:22,406 - DEBUG -  Epoch 3: 
2024-04-28 14:51:22,406 - DEBUG - 开始训练:...
2024-04-28 14:51:31,844 - DEBUG - 训练集准确率 acc: 99.28693  Train loss: 0.00003274
2024-04-28 14:51:32,634 - DEBUG - 测试集准确率 acc: 95.21073  Train loss: 0.00018715
2024-04-28 14:51:32,646 - DEBUG -  Epoch 4: 
2024-04-28 14:51:32,646 - DEBUG - 开始训练:...
2024-04-28 14:51:42,095 - DEBUG - 训练集准确率 acc: 99.45456  Train loss: 0.00002481
2024-04-28 14:51:42,862 - DEBUG - 测试集准确率 acc: 95.72158  Train loss: 0.00015737
2024-04-28 14:51:42,875 - DEBUG -  Epoch 5: 
2024-04-28 14:51:42,875 - DEBUG - 开始训练:...
2024-04-28 14:51:52,215 - DEBUG - 训练集准确率 acc: 99.49713  Train loss: 0.00002185
2024-04-28 14:51:52,997 - DEBUG - 测试集准确率 acc: 94.29544  Train loss: 0.00022066
2024-04-28 14:51:53,765 - DEBUG - 验证集准确率 acc: 94.82759  Train loss: 0.00020402
2024-04-28 14:51:53,778 - DEBUG -  Epoch 6: 
2024-04-28 14:51:53,778 - DEBUG - 开始训练:...
2024-04-28 14:52:03,162 - DEBUG - 训练集准确率 acc: 99.32684  Train loss: 0.00002653
2024-04-28 14:52:03,926 - DEBUG - 测试集准确率 acc: 96.12601  Train loss: 0.00014534
2024-04-28 14:52:03,939 - DEBUG -  Epoch 7: 
2024-04-28 14:52:03,939 - DEBUG - 开始训练:...
2024-04-28 14:52:13,305 - DEBUG - 训练集准确率 acc: 99.51841  Train loss: 0.00002196
2024-04-28 14:52:14,082 - DEBUG - 测试集准确率 acc: 95.84930  Train loss: 0.00016291
2024-04-28 14:52:14,095 - DEBUG -  Epoch 8: 
2024-04-28 14:52:14,095 - DEBUG - 开始训练:...
2024-04-28 14:52:23,485 - DEBUG - 训练集准确率 acc: 75.78225  Train loss: 0.00102692
2024-04-28 14:52:24,247 - DEBUG - 测试集准确率 acc: 84.37633  Train loss: 0.00052106
2024-04-28 14:52:24,259 - DEBUG -  Epoch 9: 
2024-04-28 14:52:24,260 - DEBUG - 开始训练:...
2024-04-28 14:52:33,615 - DEBUG - 训练集准确率 acc: 96.32024  Train loss: 0.00013311
2024-04-28 14:52:34,382 - DEBUG - 测试集准确率 acc: 92.97573  Train loss: 0.00023661
2024-04-28 14:52:34,395 - DEBUG -  Epoch 10: 
2024-04-28 14:52:34,395 - DEBUG - 开始训练:...
2024-04-28 14:52:43,873 - DEBUG - 训练集准确率 acc: 98.83195  Train loss: 0.00005065
2024-04-28 14:52:44,668 - DEBUG - 测试集准确率 acc: 93.89102  Train loss: 0.00021890
2024-04-28 14:52:45,455 - DEBUG - 验证集准确率 acc: 94.46573  Train loss: 0.00018871
2024-04-28 14:52:45,468 - DEBUG -  Epoch 11: 
2024-04-28 14:52:45,468 - DEBUG - 开始训练:...
2024-04-28 14:52:54,998 - DEBUG - 训练集准确率 acc: 99.23372  Train loss: 0.00003553
2024-04-28 14:52:55,786 - DEBUG - 测试集准确率 acc: 83.99319  Train loss: 0.00054501
2024-04-28 14:52:55,813 - DEBUG -  Epoch 12: 
2024-04-28 14:52:55,813 - DEBUG - 开始训练:...
2024-04-28 14:53:05,314 - DEBUG - 训练集准确率 acc: 99.41731  Train loss: 0.00002872
2024-04-28 14:53:06,104 - DEBUG - 测试集准确率 acc: 93.29502  Train loss: 0.00024842
2024-04-28 14:53:06,132 - DEBUG -  Epoch 13: 
2024-04-28 14:53:06,132 - DEBUG - 开始训练:...
2024-04-28 14:53:15,669 - DEBUG - 训练集准确率 acc: 99.49181  Train loss: 0.00002473
2024-04-28 14:53:16,464 - DEBUG - 测试集准确率 acc: 94.89144  Train loss: 0.00019258
2024-04-28 14:53:16,493 - DEBUG -  Epoch 14: 
2024-04-28 14:53:16,493 - DEBUG - 开始训练:...
2024-04-28 14:53:25,982 - DEBUG - 训练集准确率 acc: 99.50245  Train loss: 0.00002270
2024-04-28 14:53:26,780 - DEBUG - 测试集准确率 acc: 95.46616  Train loss: 0.00017838
2024-04-28 14:53:26,808 - DEBUG -  Epoch 15: 
2024-04-28 14:53:26,808 - DEBUG - 开始训练:...
2024-04-28 14:53:36,302 - DEBUG - 训练集准确率 acc: 99.55832  Train loss: 0.00002302
2024-04-28 14:53:37,083 - DEBUG - 测试集准确率 acc: 94.61473  Train loss: 0.00022163
2024-04-28 14:53:37,870 - DEBUG - 验证集准确率 acc: 95.29587  Train loss: 0.00018243
2024-04-28 14:53:37,902 - DEBUG -  Epoch 16: 
2024-04-28 14:53:37,902 - DEBUG - 开始训练:...
2024-04-28 14:53:47,426 - DEBUG - 训练集准确率 acc: 99.57429  Train loss: 0.00001921
2024-04-28 14:53:48,213 - DEBUG - 测试集准确率 acc: 95.93444  Train loss: 0.00015962
2024-04-28 14:53:48,242 - DEBUG -  Epoch 17: 
2024-04-28 14:53:48,242 - DEBUG - 开始训练:...
2024-04-28 14:53:57,765 - DEBUG - 训练集准确率 acc: 96.87633  Train loss: 0.00016040
2024-04-28 14:53:58,547 - DEBUG - 测试集准确率 acc: 44.63602  Train loss: 0.00838417
2024-04-28 14:53:58,577 - DEBUG -  Epoch 18: 
2024-04-28 14:53:58,577 - DEBUG - 开始训练:...
2024-04-28 14:54:08,058 - DEBUG - 训练集准确率 acc: 91.27820  Train loss: 0.00037541
2024-04-28 14:54:08,849 - DEBUG - 测试集准确率 acc: 85.16390  Train loss: 0.00048905
2024-04-28 14:54:08,878 - DEBUG -  Epoch 19: 
2024-04-28 14:54:08,878 - DEBUG - 开始训练:...
2024-04-28 14:54:18,413 - DEBUG - 训练集准确率 acc: 98.60047  Train loss: 0.00006307
2024-04-28 14:54:19,200 - DEBUG - 测试集准确率 acc: 90.97488  Train loss: 0.00032465
2024-04-28 14:54:19,229 - DEBUG -  Epoch 20: 
2024-04-28 14:54:19,229 - DEBUG - 开始训练:...
2024-04-28 14:54:28,718 - DEBUG - 训练集准确率 acc: 99.03682  Train loss: 0.00004219
2024-04-28 14:54:29,497 - DEBUG - 测试集准确率 acc: 94.44444  Train loss: 0.00020889
2024-04-28 14:54:30,304 - DEBUG - 验证集准确率 acc: 94.91273  Train loss: 0.00017853
2024-04-28 14:54:30,333 - DEBUG -  Epoch 21: 
2024-04-28 14:54:30,333 - DEBUG - 开始训练:...
2024-04-28 14:54:39,811 - DEBUG - 训练集准确率 acc: 99.20711  Train loss: 0.00003527
2024-04-28 14:54:40,597 - DEBUG - 测试集准确率 acc: 92.31588  Train loss: 0.00029583
2024-04-28 14:54:40,626 - DEBUG -  Epoch 22: 
2024-04-28 14:54:40,626 - DEBUG - 开始训练:...
2024-04-28 14:54:50,142 - DEBUG - 训练集准确率 acc: 99.46254  Train loss: 0.00002755
2024-04-28 14:54:50,937 - DEBUG - 测试集准确率 acc: 95.16816  Train loss: 0.00019449
2024-04-28 14:54:50,965 - DEBUG -  Epoch 23: 
2024-04-28 14:54:50,965 - DEBUG - 开始训练:...
2024-04-28 14:55:00,456 - DEBUG - 训练集准确率 acc: 99.55300  Train loss: 0.00002226
2024-04-28 14:55:01,237 - DEBUG - 测试集准确率 acc: 94.65730  Train loss: 0.00021646
2024-04-28 14:55:01,266 - DEBUG -  Epoch 24: 
2024-04-28 14:55:01,266 - DEBUG - 开始训练:...
2024-04-28 14:55:10,810 - DEBUG - 训练集准确率 acc: 99.55034  Train loss: 0.00002278
2024-04-28 14:55:11,611 - DEBUG - 测试集准确率 acc: 94.63602  Train loss: 0.00021366
2024-04-28 14:55:11,639 - DEBUG -  Epoch 25: 
2024-04-28 14:55:11,639 - DEBUG - 开始训练:...
2024-04-28 14:55:21,106 - DEBUG - 训练集准确率 acc: 99.59557  Train loss: 0.00002082
2024-04-28 14:55:21,891 - DEBUG - 测试集准确率 acc: 95.82801  Train loss: 0.00016505
2024-04-28 14:55:22,678 - DEBUG - 验证集准确率 acc: 96.42401  Train loss: 0.00012949
2024-04-28 14:55:22,690 - DEBUG -  Epoch 26: 
2024-04-28 14:55:22,690 - DEBUG - 开始训练:...
2024-04-28 14:55:32,229 - DEBUG - 训练集准确率 acc: 99.60888  Train loss: 0.00001806
2024-04-28 14:55:33,036 - DEBUG - 测试集准确率 acc: 95.80673  Train loss: 0.00016548
2024-04-28 14:55:33,049 - DEBUG -  Epoch 27: 
2024-04-28 14:55:33,049 - DEBUG - 开始训练:...
2024-04-28 14:55:42,539 - DEBUG - 训练集准确率 acc: 99.64080  Train loss: 0.00001822
2024-04-28 14:55:43,321 - DEBUG - 测试集准确率 acc: 95.53001  Train loss: 0.00018272
2024-04-28 14:55:43,333 - DEBUG -  Epoch 28: 
2024-04-28 14:55:43,333 - DEBUG - 开始训练:...
2024-04-28 14:55:52,861 - DEBUG - 训练集准确率 acc: 99.63548  Train loss: 0.00001752
2024-04-28 14:55:53,652 - DEBUG - 测试集准确率 acc: 95.97701  Train loss: 0.00015184
2024-04-28 14:55:53,665 - DEBUG -  Epoch 29: 
2024-04-28 14:55:53,665 - DEBUG - 开始训练:...
2024-04-28 14:56:03,147 - DEBUG - 训练集准确率 acc: 99.59025  Train loss: 0.00001832
2024-04-28 14:56:03,937 - DEBUG - 测试集准确率 acc: 96.55172  Train loss: 0.00014066
2024-04-28 14:56:03,950 - DEBUG -  Epoch 30: 
2024-04-28 14:56:03,950 - DEBUG - 开始训练:...
2024-04-28 14:56:13,513 - DEBUG - 训练集准确率 acc: 99.60622  Train loss: 0.00001805
2024-04-28 14:56:14,299 - DEBUG - 测试集准确率 acc: 95.82801  Train loss: 0.00016599
2024-04-28 14:56:15,110 - DEBUG - 验证集准确率 acc: 96.46658  Train loss: 0.00012888
2024-04-28 14:56:15,123 - DEBUG -  Epoch 31: 
2024-04-28 14:56:15,123 - DEBUG - 开始训练:...
2024-04-28 14:56:24,662 - DEBUG - 训练集准确率 acc: 99.72063  Train loss: 0.00001418
2024-04-28 14:56:25,449 - DEBUG - 测试集准确率 acc: 95.70030  Train loss: 0.00017199
2024-04-28 14:56:25,462 - DEBUG -  Epoch 32: 
2024-04-28 14:56:25,462 - DEBUG - 开始训练:...
2024-04-28 14:56:34,965 - DEBUG - 训练集准确率 acc: 99.70466  Train loss: 0.00001427
2024-04-28 14:56:35,756 - DEBUG - 测试集准确率 acc: 96.82844  Train loss: 0.00013638
2024-04-28 14:56:35,769 - DEBUG -  Epoch 33: 
2024-04-28 14:56:35,769 - DEBUG - 开始训练:...
2024-04-28 14:56:45,288 - DEBUG - 训练集准确率 acc: 99.73925  Train loss: 0.00001390
2024-04-28 14:56:46,078 - DEBUG - 测试集准确率 acc: 96.21115  Train loss: 0.00015265
2024-04-28 14:56:46,093 - DEBUG -  Epoch 34: 
2024-04-28 14:56:46,093 - DEBUG - 开始训练:...
2024-04-28 14:56:55,584 - DEBUG - 训练集准确率 acc: 99.67007  Train loss: 0.00001542
2024-04-28 14:56:56,369 - DEBUG - 测试集准确率 acc: 96.65815  Train loss: 0.00013412
2024-04-28 14:56:56,381 - DEBUG -  Epoch 35: 
2024-04-28 14:56:56,381 - DEBUG - 开始训练:...
2024-04-28 14:57:05,922 - DEBUG - 训练集准确率 acc: 99.76054  Train loss: 0.00001311
2024-04-28 14:57:06,708 - DEBUG - 测试集准确率 acc: 96.44530  Train loss: 0.00014651
2024-04-28 14:57:07,494 - DEBUG - 验证集准确率 acc: 97.29672  Train loss: 0.00011312
2024-04-28 14:57:07,505 - DEBUG -  Epoch 36: 
2024-04-28 14:57:07,505 - DEBUG - 开始训练:...
2024-04-28 14:57:17,010 - DEBUG - 训练集准确率 acc: 99.77118  Train loss: 0.00001200
2024-04-28 14:57:17,801 - DEBUG - 测试集准确率 acc: 96.55172  Train loss: 0.00014023
2024-04-28 14:57:17,814 - DEBUG -  Epoch 37: 
2024-04-28 14:57:17,814 - DEBUG - 开始训练:...
2024-04-28 14:57:27,381 - DEBUG - 训练集准确率 acc: 99.69668  Train loss: 0.00001414
2024-04-28 14:57:28,163 - DEBUG - 测试集准确率 acc: 96.61558  Train loss: 0.00013958
2024-04-28 14:57:28,176 - DEBUG -  Epoch 38: 
2024-04-28 14:57:28,176 - DEBUG - 开始训练:...
2024-04-28 14:57:37,641 - DEBUG - 训练集准确率 acc: 99.74457  Train loss: 0.00001286
2024-04-28 14:57:38,407 - DEBUG - 测试集准确率 acc: 96.70072  Train loss: 0.00013291
2024-04-28 14:57:38,420 - DEBUG -  Epoch 39: 
2024-04-28 14:57:38,420 - DEBUG - 开始训练:...
2024-04-28 14:57:47,837 - DEBUG - 训练集准确率 acc: 99.77650  Train loss: 0.00001061
2024-04-28 14:57:48,606 - DEBUG - 测试集准确率 acc: 96.53044  Train loss: 0.00013670
2024-04-28 14:57:48,620 - DEBUG -  Epoch 40: 
2024-04-28 14:57:48,620 - DEBUG - 开始训练:...
2024-04-28 14:57:58,010 - DEBUG - 训练集准确率 acc: 99.73925  Train loss: 0.00001216
2024-04-28 14:57:58,774 - DEBUG - 测试集准确率 acc: 97.02001  Train loss: 0.00011794
2024-04-28 14:57:59,557 - DEBUG - 验证集准确率 acc: 97.65858  Train loss: 0.00009113
2024-04-28 14:57:59,569 - DEBUG -  Epoch 41: 
2024-04-28 14:57:59,569 - DEBUG - 开始训练:...
2024-04-28 14:58:09,107 - DEBUG - 训练集准确率 acc: 99.77916  Train loss: 0.00001109
2024-04-28 14:58:09,938 - DEBUG - 测试集准确率 acc: 96.72201  Train loss: 0.00013148
2024-04-28 14:58:09,951 - DEBUG -  Epoch 42: 
2024-04-28 14:58:09,952 - DEBUG - 开始训练:...
2024-04-28 14:58:19,465 - DEBUG - 训练集准确率 acc: 99.76852  Train loss: 0.00001086
2024-04-28 14:58:20,253 - DEBUG - 测试集准确率 acc: 96.89229  Train loss: 0.00013158
2024-04-28 14:58:20,266 - DEBUG -  Epoch 43: 
2024-04-28 14:58:20,267 - DEBUG - 开始训练:...
2024-04-28 14:58:29,794 - DEBUG - 训练集准确率 acc: 99.73127  Train loss: 0.00001197
2024-04-28 14:58:30,592 - DEBUG - 测试集准确率 acc: 96.74330  Train loss: 0.00012886
2024-04-28 14:58:30,604 - DEBUG -  Epoch 44: 
2024-04-28 14:58:30,605 - DEBUG - 开始训练:...
2024-04-28 14:58:40,151 - DEBUG - 训练集准确率 acc: 99.74723  Train loss: 0.00001226
2024-04-28 14:58:40,926 - DEBUG - 测试集准确率 acc: 97.10515  Train loss: 0.00011592
2024-04-28 14:58:40,939 - DEBUG -  Epoch 45: 
2024-04-28 14:58:40,939 - DEBUG - 开始训练:...
2024-04-28 14:58:50,439 - DEBUG - 训练集准确率 acc: 99.73659  Train loss: 0.00001302
2024-04-28 14:58:51,221 - DEBUG - 测试集准确率 acc: 96.80715  Train loss: 0.00013853
2024-04-28 14:58:52,020 - DEBUG - 验证集准确率 acc: 97.33929  Train loss: 0.00010780
2024-04-28 14:58:52,050 - DEBUG -  Epoch 46: 
2024-04-28 14:58:52,051 - DEBUG - 开始训练:...
2024-04-28 14:59:01,578 - DEBUG - 训练集准确率 acc: 99.76852  Train loss: 0.00001130
2024-04-28 14:59:02,347 - DEBUG - 测试集准确率 acc: 96.95615  Train loss: 0.00012899
2024-04-28 14:59:02,377 - DEBUG -  Epoch 47: 
2024-04-28 14:59:02,377 - DEBUG - 开始训练:...
2024-04-28 14:59:11,784 - DEBUG - 训练集准确率 acc: 99.74457  Train loss: 0.00001288
2024-04-28 14:59:12,567 - DEBUG - 测试集准确率 acc: 97.10515  Train loss: 0.00011026
2024-04-28 14:59:12,597 - DEBUG -  Epoch 48: 
2024-04-28 14:59:12,597 - DEBUG - 开始训练:...
2024-04-28 14:59:22,060 - DEBUG - 训练集准确率 acc: 99.78980  Train loss: 0.00001002
2024-04-28 14:59:22,827 - DEBUG - 测试集准确率 acc: 97.08387  Train loss: 0.00012294
2024-04-28 14:59:22,857 - DEBUG -  Epoch 49: 
2024-04-28 14:59:22,857 - DEBUG - 开始训练:...
2024-04-28 14:59:32,254 - DEBUG - 训练集准确率 acc: 99.80843  Train loss: 0.00000963
2024-04-28 14:59:33,031 - DEBUG - 测试集准确率 acc: 96.87101  Train loss: 0.00013534
2024-04-28 14:59:33,059 - DEBUG -  Epoch 50: 
2024-04-28 14:59:33,059 - DEBUG - 开始训练:...
2024-04-28 14:59:42,519 - DEBUG - 训练集准确率 acc: 99.75255  Train loss: 0.00001210
2024-04-28 14:59:43,295 - DEBUG - 测试集准确率 acc: 96.84972  Train loss: 0.00012275
2024-04-28 14:59:44,073 - DEBUG - 验证集准确率 acc: 97.70115  Train loss: 0.00009548
2024-04-28 14:59:44,087 - DEBUG -  Epoch 51: 
2024-04-28 14:59:44,087 - DEBUG - 开始训练:...
2024-04-28 14:59:53,490 - DEBUG - 训练集准确率 acc: 99.77650  Train loss: 0.00001014
2024-04-28 14:59:54,269 - DEBUG - 测试集准确率 acc: 97.25415  Train loss: 0.00011264
2024-04-28 14:59:54,282 - DEBUG -  Epoch 52: 
2024-04-28 14:59:54,282 - DEBUG - 开始训练:...
2024-04-28 15:00:03,745 - DEBUG - 训练集准确率 acc: 99.82971  Train loss: 0.00000891
2024-04-28 15:00:04,533 - DEBUG - 测试集准确率 acc: 96.80715  Train loss: 0.00013860
2024-04-28 15:00:04,546 - DEBUG -  Epoch 53: 
2024-04-28 15:00:04,546 - DEBUG - 开始训练:...
2024-04-28 15:00:13,959 - DEBUG - 训练集准确率 acc: 99.78448  Train loss: 0.00001048
2024-04-28 15:00:14,735 - DEBUG - 测试集准确率 acc: 97.12644  Train loss: 0.00012582
2024-04-28 15:00:14,748 - DEBUG -  Epoch 54: 
2024-04-28 15:00:14,748 - DEBUG - 开始训练:...
2024-04-28 15:00:24,205 - DEBUG - 训练集准确率 acc: 99.77916  Train loss: 0.00001083
2024-04-28 15:00:24,989 - DEBUG - 测试集准确率 acc: 97.16901  Train loss: 0.00012251
2024-04-28 15:00:25,002 - DEBUG -  Epoch 55: 
2024-04-28 15:00:25,002 - DEBUG - 开始训练:...
2024-04-28 15:00:34,432 - DEBUG - 训练集准确率 acc: 99.81375  Train loss: 0.00000916
2024-04-28 15:00:35,205 - DEBUG - 测试集准确率 acc: 96.99872  Train loss: 0.00013068
2024-04-28 15:00:35,974 - DEBUG - 验证集准确率 acc: 97.65858  Train loss: 0.00010023
2024-04-28 15:00:36,003 - DEBUG -  Epoch 56: 
2024-04-28 15:00:36,003 - DEBUG - 开始训练:...
2024-04-28 15:00:45,458 - DEBUG - 训练集准确率 acc: 99.80577  Train loss: 0.00000983
2024-04-28 15:00:46,231 - DEBUG - 测试集准确率 acc: 96.93487  Train loss: 0.00013331
2024-04-28 15:00:46,261 - DEBUG -  Epoch 57: 
2024-04-28 15:00:46,261 - DEBUG - 开始训练:...
2024-04-28 15:00:55,718 - DEBUG - 训练集准确率 acc: 99.78182  Train loss: 0.00001030
2024-04-28 15:00:56,483 - DEBUG - 测试集准确率 acc: 97.44572  Train loss: 0.00011040
2024-04-28 15:00:56,511 - DEBUG -  Epoch 58: 
2024-04-28 15:00:56,511 - DEBUG - 开始训练:...
2024-04-28 15:01:05,948 - DEBUG - 训练集准确率 acc: 99.79513  Train loss: 0.00000965
2024-04-28 15:01:06,726 - DEBUG - 测试集准确率 acc: 97.29672  Train loss: 0.00012144
2024-04-28 15:01:06,755 - DEBUG -  Epoch 59: 
2024-04-28 15:01:06,755 - DEBUG - 开始训练:...
2024-04-28 15:01:16,328 - DEBUG - 训练集准确率 acc: 99.75521  Train loss: 0.00001101
2024-04-28 15:01:17,107 - DEBUG - 测试集准确率 acc: 97.08387  Train loss: 0.00012758
2024-04-28 15:01:17,137 - DEBUG -  Epoch 60: 
2024-04-28 15:01:17,137 - DEBUG - 开始训练:...
2024-04-28 15:01:26,648 - DEBUG - 训练集准确率 acc: 99.81375  Train loss: 0.00001071
2024-04-28 15:01:27,429 - DEBUG - 测试集准确率 acc: 97.40315  Train loss: 0.00010563
2024-04-28 15:01:28,218 - DEBUG - 验证集准确率 acc: 98.04172  Train loss: 0.00007898
2024-04-28 15:01:28,230 - DEBUG -  Epoch 61: 
2024-04-28 15:01:28,230 - DEBUG - 开始训练:...
2024-04-28 15:01:37,824 - DEBUG - 训练集准确率 acc: 99.78980  Train loss: 0.00001026
2024-04-28 15:01:38,605 - DEBUG - 测试集准确率 acc: 96.76458  Train loss: 0.00013952
2024-04-28 15:01:38,618 - DEBUG -  Epoch 62: 
2024-04-28 15:01:38,618 - DEBUG - 开始训练:...
2024-04-28 15:01:48,097 - DEBUG - 训练集准确率 acc: 99.76320  Train loss: 0.00001142
2024-04-28 15:01:48,896 - DEBUG - 测试集准确率 acc: 96.12601  Train loss: 0.00018318
2024-04-28 15:01:48,909 - DEBUG -  Epoch 63: 
2024-04-28 15:01:48,909 - DEBUG - 开始训练:...
2024-04-28 15:01:58,477 - DEBUG - 训练集准确率 acc: 99.78182  Train loss: 0.00001006
2024-04-28 15:01:59,256 - DEBUG - 测试集准确率 acc: 97.44572  Train loss: 0.00011083
2024-04-28 15:01:59,269 - DEBUG -  Epoch 64: 
2024-04-28 15:01:59,269 - DEBUG - 开始训练:...
2024-04-28 15:02:08,767 - DEBUG - 训练集准确率 acc: 99.76320  Train loss: 0.00000931
2024-04-28 15:02:09,547 - DEBUG - 测试集准确率 acc: 97.50958  Train loss: 0.00010513
2024-04-28 15:02:09,560 - DEBUG -  Epoch 65: 
2024-04-28 15:02:09,560 - DEBUG - 开始训练:...
2024-04-28 15:02:19,129 - DEBUG - 训练集准确率 acc: 99.80577  Train loss: 0.00000951
2024-04-28 15:02:19,912 - DEBUG - 测试集准确率 acc: 97.46701  Train loss: 0.00010292
2024-04-28 15:02:20,700 - DEBUG - 验证集准确率 acc: 98.02043  Train loss: 0.00008190
2024-04-28 15:02:20,729 - DEBUG -  Epoch 66: 
2024-04-28 15:02:20,729 - DEBUG - 开始训练:...
2024-04-28 15:02:30,201 - DEBUG - 训练集准确率 acc: 99.78714  Train loss: 0.00001092
2024-04-28 15:02:30,991 - DEBUG - 测试集准确率 acc: 97.38186  Train loss: 0.00011654
2024-04-28 15:02:31,020 - DEBUG -  Epoch 67: 
2024-04-28 15:02:31,020 - DEBUG - 开始训练:...
2024-04-28 15:02:40,547 - DEBUG - 训练集准确率 acc: 99.82439  Train loss: 0.00000906
2024-04-28 15:02:41,330 - DEBUG - 测试集准确率 acc: 97.21158  Train loss: 0.00012178
2024-04-28 15:02:41,362 - DEBUG -  Epoch 68: 
2024-04-28 15:02:41,362 - DEBUG - 开始训练:...
2024-04-28 15:02:50,870 - DEBUG - 训练集准确率 acc: 99.76586  Train loss: 0.00001021
2024-04-28 15:02:51,665 - DEBUG - 测试集准确率 acc: 97.21158  Train loss: 0.00012272
2024-04-28 15:02:51,697 - DEBUG -  Epoch 69: 
2024-04-28 15:02:51,697 - DEBUG - 开始训练:...
2024-04-28 15:03:01,242 - DEBUG - 训练集准确率 acc: 99.50245  Train loss: 0.00002116
2024-04-28 15:03:02,036 - DEBUG - 测试集准确率 acc: 96.38144  Train loss: 0.00014548
2024-04-28 15:03:02,067 - DEBUG -  Epoch 70: 
2024-04-28 15:03:02,067 - DEBUG - 开始训练:...
2024-04-28 15:03:11,624 - DEBUG - 训练集准确率 acc: 99.74457  Train loss: 0.00001210
2024-04-28 15:03:12,396 - DEBUG - 测试集准确率 acc: 97.29672  Train loss: 0.00011385
2024-04-28 15:03:13,196 - DEBUG - 验证集准确率 acc: 98.06301  Train loss: 0.00008571
2024-04-28 15:03:13,210 - DEBUG -  Epoch 71: 
2024-04-28 15:03:13,210 - DEBUG - 开始训练:...
2024-04-28 15:03:22,698 - DEBUG - 训练集准确率 acc: 99.79246  Train loss: 0.00001049
2024-04-28 15:03:23,483 - DEBUG - 测试集准确率 acc: 96.99872  Train loss: 0.00012069
2024-04-28 15:03:23,496 - DEBUG -  Epoch 72: 
2024-04-28 15:03:23,496 - DEBUG - 开始训练:...
2024-04-28 15:03:33,022 - DEBUG - 训练集准确率 acc: 99.78182  Train loss: 0.00001058
2024-04-28 15:03:33,805 - DEBUG - 测试集准确率 acc: 96.89229  Train loss: 0.00013281
2024-04-28 15:03:33,818 - DEBUG -  Epoch 73: 
2024-04-28 15:03:33,818 - DEBUG - 开始训练:...
2024-04-28 15:03:43,358 - DEBUG - 训练集准确率 acc: 99.78182  Train loss: 0.00001098
2024-04-28 15:03:44,143 - DEBUG - 测试集准确率 acc: 96.99872  Train loss: 0.00012210
2024-04-28 15:03:44,157 - DEBUG -  Epoch 74: 
2024-04-28 15:03:44,157 - DEBUG - 开始训练:...
2024-04-28 15:03:53,751 - DEBUG - 训练集准确率 acc: 99.76852  Train loss: 0.00001092
2024-04-28 15:03:54,533 - DEBUG - 测试集准确率 acc: 97.55215  Train loss: 0.00010533
2024-04-28 15:03:54,546 - DEBUG -  Epoch 75: 
2024-04-28 15:03:54,547 - DEBUG - 开始训练:...
2024-04-28 15:04:04,092 - DEBUG - 训练集准确率 acc: 99.77650  Train loss: 0.00001050
2024-04-28 15:04:04,875 - DEBUG - 测试集准确率 acc: 97.57344  Train loss: 0.00010652
2024-04-28 15:04:05,671 - DEBUG - 验证集准确率 acc: 98.14815  Train loss: 0.00007943
2024-04-28 15:04:05,687 - DEBUG -  Epoch 76: 
2024-04-28 15:04:05,687 - DEBUG - 开始训练:...
2024-04-28 15:04:15,253 - DEBUG - 训练集准确率 acc: 99.76852  Train loss: 0.00001084
2024-04-28 15:04:16,046 - DEBUG - 测试集准确率 acc: 97.27544  Train loss: 0.00011088
2024-04-28 15:04:16,063 - DEBUG -  Epoch 77: 
2024-04-28 15:04:16,063 - DEBUG - 开始训练:...
2024-04-28 15:04:25,675 - DEBUG - 训练集准确率 acc: 99.82971  Train loss: 0.00000879
2024-04-28 15:04:26,464 - DEBUG - 测试集准确率 acc: 97.36058  Train loss: 0.00012243
2024-04-28 15:04:26,479 - DEBUG -  Epoch 78: 
2024-04-28 15:04:26,479 - DEBUG - 开始训练:...
2024-04-28 15:04:36,073 - DEBUG - 训练集准确率 acc: 99.77916  Train loss: 0.00000925
2024-04-28 15:04:36,846 - DEBUG - 测试集准确率 acc: 97.27544  Train loss: 0.00012534
2024-04-28 15:04:36,860 - DEBUG -  Epoch 79: 
2024-04-28 15:04:36,860 - DEBUG - 开始训练:...
2024-04-28 15:04:46,450 - DEBUG - 训练集准确率 acc: 99.79779  Train loss: 0.00000991
2024-04-28 15:04:47,232 - DEBUG - 测试集准确率 acc: 96.67944  Train loss: 0.00014620
2024-04-28 15:04:47,247 - DEBUG -  Epoch 80: 
2024-04-28 15:04:47,247 - DEBUG - 开始训练:...
2024-04-28 15:04:56,766 - DEBUG - 训练集准确率 acc: 99.81109  Train loss: 0.00000898
2024-04-28 15:04:57,538 - DEBUG - 测试集准确率 acc: 97.48829  Train loss: 0.00010487
2024-04-28 15:04:58,363 - DEBUG - 验证集准确率 acc: 97.99915  Train loss: 0.00008088
2024-04-28 15:04:58,393 - DEBUG -  Epoch 81: 
2024-04-28 15:04:58,394 - DEBUG - 开始训练:...
2024-04-28 15:05:07,896 - DEBUG - 训练集准确率 acc: 99.80045  Train loss: 0.00000922
2024-04-28 15:05:08,682 - DEBUG - 测试集准确率 acc: 97.48829  Train loss: 0.00011491
2024-04-28 15:05:08,710 - DEBUG -  Epoch 82: 
2024-04-28 15:05:08,710 - DEBUG - 开始训练:...
2024-04-28 15:05:18,198 - DEBUG - 训练集准确率 acc: 99.77916  Train loss: 0.00000943
2024-04-28 15:05:18,977 - DEBUG - 测试集准确率 acc: 97.16901  Train loss: 0.00012527
2024-04-28 15:05:19,005 - DEBUG -  Epoch 83: 
2024-04-28 15:05:19,005 - DEBUG - 开始训练:...
2024-04-28 15:05:28,533 - DEBUG - 训练集准确率 acc: 99.79246  Train loss: 0.00000938
2024-04-28 15:05:29,327 - DEBUG - 测试集准确率 acc: 97.76501  Train loss: 0.00011279
2024-04-28 15:05:29,355 - DEBUG -  Epoch 84: 
2024-04-28 15:05:29,355 - DEBUG - 开始训练:...
2024-04-28 15:05:38,948 - DEBUG - 训练集准确率 acc: 99.81907  Train loss: 0.00000904
2024-04-28 15:05:39,721 - DEBUG - 测试集准确率 acc: 97.38186  Train loss: 0.00012669
2024-04-28 15:05:39,750 - DEBUG -  Epoch 85: 
2024-04-28 15:05:39,750 - DEBUG - 开始训练:...
2024-04-28 15:05:49,328 - DEBUG - 训练集准确率 acc: 99.83504  Train loss: 0.00000739
2024-04-28 15:05:50,122 - DEBUG - 测试集准确率 acc: 97.10515  Train loss: 0.00011634
2024-04-28 15:05:50,910 - DEBUG - 验证集准确率 acc: 97.80758  Train loss: 0.00009551
2024-04-28 15:05:50,939 - DEBUG -  Epoch 86: 
2024-04-28 15:05:50,939 - DEBUG - 开始训练:...
2024-04-28 15:06:00,472 - DEBUG - 训练集准确率 acc: 99.82439  Train loss: 0.00000757
2024-04-28 15:06:01,253 - DEBUG - 测试集准确率 acc: 97.08387  Train loss: 0.00013493
2024-04-28 15:06:01,282 - DEBUG -  Epoch 87: 
2024-04-28 15:06:01,282 - DEBUG - 开始训练:...
2024-04-28 15:06:10,798 - DEBUG - 训练集准确率 acc: 99.77916  Train loss: 0.00001074
2024-04-28 15:06:11,581 - DEBUG - 测试集准确率 acc: 97.33929  Train loss: 0.00011813
2024-04-28 15:06:11,609 - DEBUG -  Epoch 88: 
2024-04-28 15:06:11,610 - DEBUG - 开始训练:...
2024-04-28 15:06:21,184 - DEBUG - 训练集准确率 acc: 99.82705  Train loss: 0.00000818
2024-04-28 15:06:21,962 - DEBUG - 测试集准确率 acc: 97.65858  Train loss: 0.00010851
2024-04-28 15:06:21,991 - DEBUG -  Epoch 89: 
2024-04-28 15:06:21,991 - DEBUG - 开始训练:...
2024-04-28 15:06:31,496 - DEBUG - 训练集准确率 acc: 99.82173  Train loss: 0.00000825
2024-04-28 15:06:32,286 - DEBUG - 测试集准确率 acc: 97.36058  Train loss: 0.00012609
2024-04-28 15:06:32,313 - DEBUG -  Epoch 90: 
2024-04-28 15:06:32,313 - DEBUG - 开始训练:...
2024-04-28 15:06:41,872 - DEBUG - 训练集准确率 acc: 99.81641  Train loss: 0.00000883
2024-04-28 15:06:42,653 - DEBUG - 测试集准确率 acc: 97.46701  Train loss: 0.00011476
2024-04-28 15:06:43,436 - DEBUG - 验证集准确率 acc: 97.87143  Train loss: 0.00009066
2024-04-28 15:06:43,466 - DEBUG -  Epoch 91: 
2024-04-28 15:06:43,466 - DEBUG - 开始训练:...
2024-04-28 15:06:52,964 - DEBUG - 训练集准确率 acc: 99.83504  Train loss: 0.00000798
2024-04-28 15:06:53,765 - DEBUG - 测试集准确率 acc: 97.57344  Train loss: 0.00009939
2024-04-28 15:06:53,794 - DEBUG -  Epoch 92: 
2024-04-28 15:06:53,795 - DEBUG - 开始训练:...
2024-04-28 15:07:03,284 - DEBUG - 训练集准确率 acc: 99.80311  Train loss: 0.00000973
2024-04-28 15:07:04,065 - DEBUG - 测试集准确率 acc: 97.85015  Train loss: 0.00009389
2024-04-28 15:07:04,095 - DEBUG -  Epoch 93: 
2024-04-28 15:07:04,095 - DEBUG - 开始训练:...
2024-04-28 15:07:13,636 - DEBUG - 训练集准确率 acc: 99.82439  Train loss: 0.00000739
2024-04-28 15:07:14,428 - DEBUG - 测试集准确率 acc: 97.50958  Train loss: 0.00011813
2024-04-28 15:07:14,456 - DEBUG -  Epoch 94: 
2024-04-28 15:07:14,456 - DEBUG - 开始训练:...
2024-04-28 15:07:23,961 - DEBUG - 训练集准确率 acc: 99.82705  Train loss: 0.00000873
2024-04-28 15:07:24,736 - DEBUG - 测试集准确率 acc: 97.50958  Train loss: 0.00011534
2024-04-28 15:07:24,764 - DEBUG -  Epoch 95: 
2024-04-28 15:07:24,765 - DEBUG - 开始训练:...
2024-04-28 15:07:34,278 - DEBUG - 训练集准确率 acc: 99.86430  Train loss: 0.00000648
2024-04-28 15:07:35,101 - DEBUG - 测试集准确率 acc: 97.42444  Train loss: 0.00011207
2024-04-28 15:07:35,893 - DEBUG - 验证集准确率 acc: 98.02043  Train loss: 0.00009238
2024-04-28 15:07:35,921 - DEBUG -  Epoch 96: 
2024-04-28 15:07:35,921 - DEBUG - 开始训练:...
2024-04-28 15:07:45,429 - DEBUG - 训练集准确率 acc: 99.75255  Train loss: 0.00000982
2024-04-28 15:07:46,202 - DEBUG - 测试集准确率 acc: 97.53086  Train loss: 0.00011071
2024-04-28 15:07:46,231 - DEBUG -  Epoch 97: 
2024-04-28 15:07:46,231 - DEBUG - 开始训练:...
2024-04-28 15:07:55,772 - DEBUG - 训练集准确率 acc: 99.84302  Train loss: 0.00000793
2024-04-28 15:07:56,563 - DEBUG - 测试集准确率 acc: 97.33929  Train loss: 0.00011318
2024-04-28 15:07:56,593 - DEBUG -  Epoch 98: 
2024-04-28 15:07:56,593 - DEBUG - 开始训练:...
2024-04-28 15:08:06,124 - DEBUG - 训练集准确率 acc: 99.84834  Train loss: 0.00000709
2024-04-28 15:08:06,896 - DEBUG - 测试集准确率 acc: 97.61601  Train loss: 0.00011181
2024-04-28 15:08:06,925 - DEBUG -  Epoch 99: 
2024-04-28 15:08:06,925 - DEBUG - 开始训练:...
2024-04-28 15:08:16,487 - DEBUG - 训练集准确率 acc: 99.82971  Train loss: 0.00000808
2024-04-28 15:08:17,284 - DEBUG - 测试集准确率 acc: 97.65858  Train loss: 0.00011136
