2024-04-26 18:57:08,806 - DEBUG -  Epoch 0: 
2024-04-26 18:57:08,806 - DEBUG - 开始训练:...
2024-04-26 18:57:18,391 - DEBUG - 训练集准确率 acc: 35.08142  Train loss: 0.00184573
2024-04-26 18:57:19,172 - DEBUG - 测试集准确率 acc: 25.60664  Train loss: 0.00163325
2024-04-26 18:57:19,945 - DEBUG - 验证集准确率 acc: 24.13793  Train loss: 0.00163790
2024-04-26 18:57:19,959 - DEBUG -  Epoch 1: 
2024-04-26 18:57:19,959 - DEBUG - 开始训练:...
2024-04-26 18:57:29,358 - DEBUG - 训练集准确率 acc: 69.19168  Train loss: 0.00089927
2024-04-26 18:57:30,125 - DEBUG - 测试集准确率 acc: 31.82205  Train loss: 0.00187996
2024-04-26 18:57:30,138 - DEBUG -  Epoch 2: 
2024-04-26 18:57:30,139 - DEBUG - 开始训练:...
2024-04-26 18:57:39,579 - DEBUG - 训练集准确率 acc: 93.66486  Train loss: 0.00023025
2024-04-26 18:57:40,352 - DEBUG - 测试集准确率 acc: 87.35632  Train loss: 0.00047762
2024-04-26 18:57:40,366 - DEBUG -  Epoch 3: 
2024-04-26 18:57:40,366 - DEBUG - 开始训练:...
2024-04-26 18:57:49,765 - DEBUG - 训练集准确率 acc: 98.22531  Train loss: 0.00007507
2024-04-26 18:57:50,536 - DEBUG - 测试集准确率 acc: 89.44232  Train loss: 0.00035247
2024-04-26 18:57:50,550 - DEBUG -  Epoch 4: 
2024-04-26 18:57:50,550 - DEBUG - 开始训练:...
2024-04-26 18:57:59,989 - DEBUG - 训练集准确率 acc: 99.05545  Train loss: 0.00004166
2024-04-26 18:58:00,776 - DEBUG - 测试集准确率 acc: 91.78374  Train loss: 0.00028645
2024-04-26 18:58:00,790 - DEBUG -  Epoch 5: 
2024-04-26 18:58:00,790 - DEBUG - 开始训练:...
2024-04-26 18:58:10,168 - DEBUG - 训练集准确率 acc: 99.19647  Train loss: 0.00003535
2024-04-26 18:58:10,944 - DEBUG - 测试集准确率 acc: 94.21030  Train loss: 0.00021275
2024-04-26 18:58:11,726 - DEBUG - 验证集准确率 acc: 94.23159  Train loss: 0.00019882
2024-04-26 18:58:11,739 - DEBUG -  Epoch 6: 
2024-04-26 18:58:11,739 - DEBUG - 开始训练:...
2024-04-26 18:58:21,151 - DEBUG - 训练集准确率 acc: 66.54427  Train loss: 0.00117821
2024-04-26 18:58:21,921 - DEBUG - 测试集准确率 acc: 32.58834  Train loss: 0.00192320
2024-04-26 18:58:21,934 - DEBUG -  Epoch 7: 
2024-04-26 18:58:21,934 - DEBUG - 开始训练:...
2024-04-26 18:58:31,325 - DEBUG - 训练集准确率 acc: 74.79513  Train loss: 0.00077842
2024-04-26 18:58:32,101 - DEBUG - 测试集准确率 acc: 79.50192  Train loss: 0.00070643
2024-04-26 18:58:32,115 - DEBUG -  Epoch 8: 
2024-04-26 18:58:32,116 - DEBUG - 开始训练:...
2024-04-26 18:58:41,566 - DEBUG - 训练集准确率 acc: 96.11537  Train loss: 0.00014498
2024-04-26 18:58:42,340 - DEBUG - 测试集准确率 acc: 89.78289  Train loss: 0.00037183
2024-04-26 18:58:42,354 - DEBUG -  Epoch 9: 
2024-04-26 18:58:42,355 - DEBUG - 开始训练:...
2024-04-26 18:58:51,798 - DEBUG - 训练集准确率 acc: 97.99383  Train loss: 0.00007586
2024-04-26 18:58:52,584 - DEBUG - 测试集准确率 acc: 93.93359  Train loss: 0.00021523
2024-04-26 18:58:52,598 - DEBUG -  Epoch 10: 
2024-04-26 18:58:52,598 - DEBUG - 开始训练:...
2024-04-26 18:59:02,023 - DEBUG - 训练集准确率 acc: 91.36601  Train loss: 0.00029326
2024-04-26 18:59:02,800 - DEBUG - 测试集准确率 acc: 91.06003  Train loss: 0.00033075
2024-04-26 18:59:03,583 - DEBUG - 验证集准确率 acc: 91.57088  Train loss: 0.00031333
2024-04-26 18:59:03,612 - DEBUG -  Epoch 11: 
2024-04-26 18:59:03,612 - DEBUG - 开始训练:...
2024-04-26 18:59:13,065 - DEBUG - 训练集准确率 acc: 99.09802  Train loss: 0.00004247
2024-04-26 18:59:13,836 - DEBUG - 测试集准确率 acc: 94.48702  Train loss: 0.00021615
2024-04-26 18:59:13,849 - DEBUG -  Epoch 12: 
2024-04-26 18:59:13,849 - DEBUG - 开始训练:...
2024-04-26 18:59:23,271 - DEBUG - 训练集准确率 acc: 99.32950  Train loss: 0.00002974
2024-04-26 18:59:24,041 - DEBUG - 测试集准确率 acc: 94.04002  Train loss: 0.00020702
2024-04-26 18:59:24,053 - DEBUG -  Epoch 13: 
2024-04-26 18:59:24,053 - DEBUG - 开始训练:...
2024-04-26 18:59:33,536 - DEBUG - 训练集准确率 acc: 99.50511  Train loss: 0.00002325
2024-04-26 18:59:34,318 - DEBUG - 测试集准确率 acc: 93.95487  Train loss: 0.00021687
2024-04-26 18:59:34,331 - DEBUG -  Epoch 14: 
2024-04-26 18:59:34,331 - DEBUG - 开始训练:...
2024-04-26 18:59:43,780 - DEBUG - 训练集准确率 acc: 99.47052  Train loss: 0.00002407
2024-04-26 18:59:44,546 - DEBUG - 测试集准确率 acc: 95.48744  Train loss: 0.00017819
2024-04-26 18:59:44,561 - DEBUG -  Epoch 15: 
2024-04-26 18:59:44,561 - DEBUG - 开始训练:...
2024-04-26 18:59:53,999 - DEBUG - 训练集准确率 acc: 99.58759  Train loss: 0.00001847
2024-04-26 18:59:54,770 - DEBUG - 测试集准确率 acc: 95.61516  Train loss: 0.00016535
2024-04-26 18:59:55,598 - DEBUG - 验证集准确率 acc: 95.70030  Train loss: 0.00015327
2024-04-26 18:59:55,612 - DEBUG -  Epoch 16: 
2024-04-26 18:59:55,612 - DEBUG - 开始训练:...
2024-04-26 19:00:05,028 - DEBUG - 训练集准确率 acc: 99.63016  Train loss: 0.00001654
2024-04-26 19:00:05,830 - DEBUG - 测试集准确率 acc: 96.14730  Train loss: 0.00013956
2024-04-26 19:00:05,845 - DEBUG -  Epoch 17: 
2024-04-26 19:00:05,845 - DEBUG - 开始训练:...
2024-04-26 19:00:15,356 - DEBUG - 训练集准确率 acc: 99.68870  Train loss: 0.00001411
2024-04-26 19:00:16,150 - DEBUG - 测试集准确率 acc: 96.38144  Train loss: 0.00013676
2024-04-26 19:00:16,165 - DEBUG -  Epoch 18: 
2024-04-26 19:00:16,165 - DEBUG - 开始训练:...
2024-04-26 19:00:25,665 - DEBUG - 训练集准确率 acc: 99.62218  Train loss: 0.00001617
2024-04-26 19:00:26,442 - DEBUG - 测试集准确率 acc: 96.06215  Train loss: 0.00015410
2024-04-26 19:00:26,456 - DEBUG -  Epoch 19: 
2024-04-26 19:00:26,456 - DEBUG - 开始训练:...
2024-04-26 19:00:35,882 - DEBUG - 训练集准确率 acc: 99.67805  Train loss: 0.00001574
2024-04-26 19:00:36,699 - DEBUG - 测试集准确率 acc: 95.67901  Train loss: 0.00016951
2024-04-26 19:00:36,713 - DEBUG -  Epoch 20: 
2024-04-26 19:00:36,713 - DEBUG - 开始训练:...
2024-04-26 19:00:46,143 - DEBUG - 训练集准确率 acc: 99.68338  Train loss: 0.00001487
2024-04-26 19:00:46,928 - DEBUG - 测试集准确率 acc: 96.23244  Train loss: 0.00014351
2024-04-26 19:00:47,700 - DEBUG - 验证集准确率 acc: 96.38144  Train loss: 0.00013436
2024-04-26 19:00:47,713 - DEBUG -  Epoch 21: 
2024-04-26 19:00:47,713 - DEBUG - 开始训练:...
2024-04-26 19:00:57,161 - DEBUG - 训练集准确率 acc: 99.67273  Train loss: 0.00001509
2024-04-26 19:00:57,938 - DEBUG - 测试集准确率 acc: 96.80715  Train loss: 0.00012381
2024-04-26 19:00:57,951 - DEBUG -  Epoch 22: 
2024-04-26 19:00:57,951 - DEBUG - 开始训练:...
2024-04-26 19:01:07,373 - DEBUG - 训练集准确率 acc: 99.72861  Train loss: 0.00001304
2024-04-26 19:01:08,142 - DEBUG - 测试集准确率 acc: 96.65815  Train loss: 0.00013032
2024-04-26 19:01:08,155 - DEBUG -  Epoch 23: 
2024-04-26 19:01:08,156 - DEBUG - 开始训练:...
2024-04-26 19:01:17,552 - DEBUG - 训练集准确率 acc: 99.74457  Train loss: 0.00001249
2024-04-26 19:01:18,305 - DEBUG - 测试集准确率 acc: 97.14772  Train loss: 0.00011110
2024-04-26 19:01:18,318 - DEBUG -  Epoch 24: 
2024-04-26 19:01:18,319 - DEBUG - 开始训练:...
2024-04-26 19:01:27,628 - DEBUG - 训练集准确率 acc: 99.64613  Train loss: 0.00001433
2024-04-26 19:01:28,390 - DEBUG - 测试集准确率 acc: 96.57301  Train loss: 0.00013067
2024-04-26 19:01:28,404 - DEBUG -  Epoch 25: 
2024-04-26 19:01:28,404 - DEBUG - 开始训练:...
2024-04-26 19:01:37,735 - DEBUG - 训练集准确率 acc: 99.77384  Train loss: 0.00001065
2024-04-26 19:01:38,498 - DEBUG - 测试集准确率 acc: 96.82844  Train loss: 0.00012816
2024-04-26 19:01:39,260 - DEBUG - 验证集准确率 acc: 96.72201  Train loss: 0.00011855
2024-04-26 19:01:39,273 - DEBUG -  Epoch 26: 
2024-04-26 19:01:39,274 - DEBUG - 开始训练:...
2024-04-26 19:01:48,553 - DEBUG - 训练集准确率 acc: 99.67805  Train loss: 0.00001258
2024-04-26 19:01:49,307 - DEBUG - 测试集准确率 acc: 97.02001  Train loss: 0.00011967
2024-04-26 19:01:49,320 - DEBUG -  Epoch 27: 
2024-04-26 19:01:49,321 - DEBUG - 开始训练:...
2024-04-26 19:01:58,632 - DEBUG - 训练集准确率 acc: 99.76586  Train loss: 0.00001015
2024-04-26 19:01:59,430 - DEBUG - 测试集准确率 acc: 96.61558  Train loss: 0.00012427
2024-04-26 19:01:59,443 - DEBUG -  Epoch 28: 
2024-04-26 19:01:59,443 - DEBUG - 开始训练:...
2024-04-26 19:02:08,735 - DEBUG - 训练集准确率 acc: 99.78182  Train loss: 0.00000926
2024-04-26 19:02:09,493 - DEBUG - 测试集准确率 acc: 97.12644  Train loss: 0.00010622
2024-04-26 19:02:09,521 - DEBUG -  Epoch 29: 
2024-04-26 19:02:09,521 - DEBUG - 开始训练:...
2024-04-26 19:02:18,824 - DEBUG - 训练集准确率 acc: 99.82705  Train loss: 0.00000744
2024-04-26 19:02:19,588 - DEBUG - 测试集准确率 acc: 97.27544  Train loss: 0.00010970
2024-04-26 19:02:19,600 - DEBUG -  Epoch 30: 
2024-04-26 19:02:19,601 - DEBUG - 开始训练:...
2024-04-26 19:02:28,937 - DEBUG - 训练集准确率 acc: 99.82705  Train loss: 0.00000745
2024-04-26 19:02:29,697 - DEBUG - 测试集准确率 acc: 96.97744  Train loss: 0.00011360
2024-04-26 19:02:30,462 - DEBUG - 验证集准确率 acc: 97.29672  Train loss: 0.00009559
2024-04-26 19:02:30,474 - DEBUG -  Epoch 31: 
2024-04-26 19:02:30,475 - DEBUG - 开始训练:...
2024-04-26 19:02:39,775 - DEBUG - 训练集准确率 acc: 99.85100  Train loss: 0.00000742
2024-04-26 19:02:40,539 - DEBUG - 测试集准确率 acc: 97.36058  Train loss: 0.00011139
2024-04-26 19:02:40,551 - DEBUG -  Epoch 32: 
2024-04-26 19:02:40,551 - DEBUG - 开始训练:...
2024-04-26 19:02:49,978 - DEBUG - 训练集准确率 acc: 99.84302  Train loss: 0.00000779
2024-04-26 19:02:50,759 - DEBUG - 测试集准确率 acc: 97.46701  Train loss: 0.00010725
2024-04-26 19:02:50,772 - DEBUG -  Epoch 33: 
2024-04-26 19:02:50,772 - DEBUG - 开始训练:...
2024-04-26 19:03:00,207 - DEBUG - 训练集准确率 acc: 99.83504  Train loss: 0.00000677
2024-04-26 19:03:00,986 - DEBUG - 测试集准确率 acc: 97.21158  Train loss: 0.00010989
2024-04-26 19:03:00,999 - DEBUG -  Epoch 34: 
2024-04-26 19:03:01,000 - DEBUG - 开始训练:...
2024-04-26 19:03:10,458 - DEBUG - 训练集准确率 acc: 99.82173  Train loss: 0.00000859
2024-04-26 19:03:11,238 - DEBUG - 测试集准确率 acc: 97.36058  Train loss: 0.00010625
2024-04-26 19:03:11,252 - DEBUG -  Epoch 35: 
2024-04-26 19:03:11,252 - DEBUG - 开始训练:...
2024-04-26 19:03:20,661 - DEBUG - 训练集准确率 acc: 99.84036  Train loss: 0.00000736
2024-04-26 19:03:21,433 - DEBUG - 测试集准确率 acc: 97.48829  Train loss: 0.00009794
2024-04-26 19:03:22,204 - DEBUG - 验证集准确率 acc: 97.72244  Train loss: 0.00008334
2024-04-26 19:03:22,217 - DEBUG -  Epoch 36: 
2024-04-26 19:03:22,217 - DEBUG - 开始训练:...
2024-04-26 19:03:31,696 - DEBUG - 训练集准确率 acc: 99.81907  Train loss: 0.00000819
2024-04-26 19:03:32,465 - DEBUG - 测试集准确率 acc: 97.67986  Train loss: 0.00010315
2024-04-26 19:03:32,478 - DEBUG -  Epoch 37: 
2024-04-26 19:03:32,478 - DEBUG - 开始训练:...
2024-04-26 19:03:41,930 - DEBUG - 训练集准确率 acc: 99.86963  Train loss: 0.00000641
2024-04-26 19:03:42,703 - DEBUG - 测试集准确率 acc: 97.63729  Train loss: 0.00009802
2024-04-26 19:03:42,718 - DEBUG -  Epoch 38: 
2024-04-26 19:03:42,718 - DEBUG - 开始训练:...
2024-04-26 19:03:52,201 - DEBUG - 训练集准确率 acc: 99.87229  Train loss: 0.00000592
2024-04-26 19:03:52,983 - DEBUG - 测试集准确率 acc: 97.65858  Train loss: 0.00009541
2024-04-26 19:03:52,997 - DEBUG -  Epoch 39: 
2024-04-26 19:03:52,997 - DEBUG - 开始训练:...
2024-04-26 19:04:02,428 - DEBUG - 训练集准确率 acc: 99.85100  Train loss: 0.00000658
2024-04-26 19:04:03,195 - DEBUG - 测试集准确率 acc: 97.53086  Train loss: 0.00010540
2024-04-26 19:04:03,208 - DEBUG -  Epoch 40: 
2024-04-26 19:04:03,209 - DEBUG - 开始训练:...
2024-04-26 19:04:12,667 - DEBUG - 训练集准确率 acc: 99.88825  Train loss: 0.00000592
2024-04-26 19:04:13,444 - DEBUG - 测试集准确率 acc: 97.57344  Train loss: 0.00009854
2024-04-26 19:04:14,221 - DEBUG - 验证集准确率 acc: 97.72244  Train loss: 0.00008502
2024-04-26 19:04:14,252 - DEBUG -  Epoch 41: 
2024-04-26 19:04:14,252 - DEBUG - 开始训练:...
2024-04-26 19:04:23,701 - DEBUG - 训练集准确率 acc: 99.89889  Train loss: 0.00000543
2024-04-26 19:04:24,479 - DEBUG - 测试集准确率 acc: 97.44572  Train loss: 0.00010110
2024-04-26 19:04:24,509 - DEBUG -  Epoch 42: 
2024-04-26 19:04:24,510 - DEBUG - 开始训练:...
2024-04-26 19:04:33,986 - DEBUG - 训练集准确率 acc: 99.87495  Train loss: 0.00000557
2024-04-26 19:04:34,757 - DEBUG - 测试集准确率 acc: 97.48829  Train loss: 0.00010031
2024-04-26 19:04:34,799 - DEBUG -  Epoch 43: 
2024-04-26 19:04:34,799 - DEBUG - 开始训练:...
2024-04-26 19:04:44,202 - DEBUG - 训练集准确率 acc: 99.86963  Train loss: 0.00000660
2024-04-26 19:04:44,980 - DEBUG - 测试集准确率 acc: 97.97786  Train loss: 0.00008933
2024-04-26 19:04:44,994 - DEBUG -  Epoch 44: 
2024-04-26 19:04:44,994 - DEBUG - 开始训练:...
2024-04-26 19:04:54,410 - DEBUG - 训练集准确率 acc: 99.89091  Train loss: 0.00000552
2024-04-26 19:04:55,220 - DEBUG - 测试集准确率 acc: 97.80758  Train loss: 0.00009037
2024-04-26 19:04:55,233 - DEBUG -  Epoch 45: 
2024-04-26 19:04:55,233 - DEBUG - 开始训练:...
2024-04-26 19:05:04,646 - DEBUG - 训练集准确率 acc: 99.85898  Train loss: 0.00000539
2024-04-26 19:05:05,420 - DEBUG - 测试集准确率 acc: 97.87143  Train loss: 0.00008970
2024-04-26 19:05:06,203 - DEBUG - 验证集准确率 acc: 98.08429  Train loss: 0.00008080
2024-04-26 19:05:06,216 - DEBUG -  Epoch 46: 
2024-04-26 19:05:06,216 - DEBUG - 开始训练:...
2024-04-26 19:05:15,617 - DEBUG - 训练集准确率 acc: 99.85632  Train loss: 0.00000633
2024-04-26 19:05:16,393 - DEBUG - 测试集准确率 acc: 97.76501  Train loss: 0.00009908
2024-04-26 19:05:16,406 - DEBUG -  Epoch 47: 
2024-04-26 19:05:16,406 - DEBUG - 开始训练:...
2024-04-26 19:05:25,771 - DEBUG - 训练集准确率 acc: 99.82971  Train loss: 0.00000599
2024-04-26 19:05:26,541 - DEBUG - 测试集准确率 acc: 97.65858  Train loss: 0.00009613
2024-04-26 19:05:26,555 - DEBUG -  Epoch 48: 
2024-04-26 19:05:26,555 - DEBUG - 开始训练:...
2024-04-26 19:05:35,830 - DEBUG - 训练集准确率 acc: 99.87495  Train loss: 0.00000553
2024-04-26 19:05:36,586 - DEBUG - 测试集准确率 acc: 97.57344  Train loss: 0.00010309
2024-04-26 19:05:36,600 - DEBUG -  Epoch 49: 
2024-04-26 19:05:36,600 - DEBUG - 开始训练:...
2024-04-26 19:05:46,027 - DEBUG - 训练集准确率 acc: 99.87761  Train loss: 0.00000496
2024-04-26 19:05:46,804 - DEBUG - 测试集准确率 acc: 97.76501  Train loss: 0.00009301
2024-04-26 19:05:46,818 - DEBUG -  Epoch 50: 
2024-04-26 19:05:46,818 - DEBUG - 开始训练:...
2024-04-26 19:05:56,244 - DEBUG - 训练集准确率 acc: 99.89889  Train loss: 0.00000512
2024-04-26 19:05:57,021 - DEBUG - 测试集准确率 acc: 98.02043  Train loss: 0.00009048
2024-04-26 19:05:57,802 - DEBUG - 验证集准确率 acc: 97.85015  Train loss: 0.00008586
2024-04-26 19:05:57,831 - DEBUG -  Epoch 51: 
2024-04-26 19:05:57,831 - DEBUG - 开始训练:...
2024-04-26 19:06:07,248 - DEBUG - 训练集准确率 acc: 99.84036  Train loss: 0.00000723
2024-04-26 19:06:08,025 - DEBUG - 测试集准确率 acc: 97.76501  Train loss: 0.00009379
2024-04-26 19:06:08,055 - DEBUG -  Epoch 52: 
2024-04-26 19:06:08,055 - DEBUG - 开始训练:...
2024-04-26 19:06:17,543 - DEBUG - 训练集准确率 acc: 99.92550  Train loss: 0.00000463
2024-04-26 19:06:18,330 - DEBUG - 测试集准确率 acc: 97.50958  Train loss: 0.00010410
2024-04-26 19:06:18,361 - DEBUG -  Epoch 53: 
2024-04-26 19:06:18,361 - DEBUG - 开始训练:...
2024-04-26 19:06:27,789 - DEBUG - 训练集准确率 acc: 99.88293  Train loss: 0.00000529
2024-04-26 19:06:28,557 - DEBUG - 测试集准确率 acc: 97.89272  Train loss: 0.00008778
2024-04-26 19:06:28,588 - DEBUG -  Epoch 54: 
2024-04-26 19:06:28,588 - DEBUG - 开始训练:...
2024-04-26 19:06:38,045 - DEBUG - 训练集准确率 acc: 99.89091  Train loss: 0.00000528
2024-04-26 19:06:38,828 - DEBUG - 测试集准确率 acc: 97.78629  Train loss: 0.00009850
2024-04-26 19:06:38,858 - DEBUG -  Epoch 55: 
2024-04-26 19:06:38,858 - DEBUG - 开始训练:...
2024-04-26 19:06:48,357 - DEBUG - 训练集准确率 acc: 99.87761  Train loss: 0.00000488
2024-04-26 19:06:49,136 - DEBUG - 测试集准确率 acc: 97.87143  Train loss: 0.00009256
2024-04-26 19:06:49,908 - DEBUG - 验证集准确率 acc: 97.91401  Train loss: 0.00008287
2024-04-26 19:06:49,937 - DEBUG -  Epoch 56: 
2024-04-26 19:06:49,937 - DEBUG - 开始训练:...
2024-04-26 19:06:59,403 - DEBUG - 训练集准确率 acc: 99.87229  Train loss: 0.00000582
2024-04-26 19:07:00,169 - DEBUG - 测试集准确率 acc: 97.72244  Train loss: 0.00009611
2024-04-26 19:07:00,209 - DEBUG -  Epoch 57: 
2024-04-26 19:07:00,209 - DEBUG - 开始训练:...
2024-04-26 19:07:09,687 - DEBUG - 训练集准确率 acc: 99.90155  Train loss: 0.00000388
2024-04-26 19:07:10,459 - DEBUG - 测试集准确率 acc: 97.74372  Train loss: 0.00009216
2024-04-26 19:07:10,488 - DEBUG -  Epoch 58: 
2024-04-26 19:07:10,488 - DEBUG - 开始训练:...
2024-04-26 19:07:19,909 - DEBUG - 训练集准确率 acc: 99.87761  Train loss: 0.00000514
2024-04-26 19:07:20,683 - DEBUG - 测试集准确率 acc: 97.97786  Train loss: 0.00008535
2024-04-26 19:07:20,712 - DEBUG -  Epoch 59: 
2024-04-26 19:07:20,712 - DEBUG - 开始训练:...
2024-04-26 19:07:30,114 - DEBUG - 训练集准确率 acc: 99.84568  Train loss: 0.00000590
2024-04-26 19:07:30,885 - DEBUG - 测试集准确率 acc: 97.59472  Train loss: 0.00010654
2024-04-26 19:07:30,925 - DEBUG -  Epoch 60: 
2024-04-26 19:07:30,925 - DEBUG - 开始训练:...
2024-04-26 19:07:40,396 - DEBUG - 训练集准确率 acc: 99.88027  Train loss: 0.00000533
2024-04-26 19:07:41,174 - DEBUG - 测试集准确率 acc: 97.93529  Train loss: 0.00008440
2024-04-26 19:07:41,968 - DEBUG - 验证集准确率 acc: 98.19072  Train loss: 0.00007525
2024-04-26 19:07:41,982 - DEBUG -  Epoch 61: 
2024-04-26 19:07:41,982 - DEBUG - 开始训练:...
2024-04-26 19:07:51,403 - DEBUG - 训练集准确率 acc: 99.88293  Train loss: 0.00000518
2024-04-26 19:07:52,175 - DEBUG - 测试集准确率 acc: 97.93529  Train loss: 0.00008870
2024-04-26 19:07:52,189 - DEBUG -  Epoch 62: 
2024-04-26 19:07:52,189 - DEBUG - 开始训练:...
2024-04-26 19:08:01,657 - DEBUG - 训练集准确率 acc: 99.81375  Train loss: 0.00000802
2024-04-26 19:08:02,434 - DEBUG - 测试集准确率 acc: 97.85015  Train loss: 0.00009278
2024-04-26 19:08:02,447 - DEBUG -  Epoch 63: 
2024-04-26 19:08:02,447 - DEBUG - 开始训练:...
2024-04-26 19:08:11,851 - DEBUG - 训练集准确率 acc: 99.83770  Train loss: 0.00000620
2024-04-26 19:08:12,650 - DEBUG - 测试集准确率 acc: 97.65858  Train loss: 0.00009919
2024-04-26 19:08:12,664 - DEBUG -  Epoch 64: 
2024-04-26 19:08:12,664 - DEBUG - 开始训练:...
2024-04-26 19:08:22,025 - DEBUG - 训练集准确率 acc: 99.87761  Train loss: 0.00000572
2024-04-26 19:08:22,797 - DEBUG - 测试集准确率 acc: 97.80758  Train loss: 0.00008788
2024-04-26 19:08:22,811 - DEBUG -  Epoch 65: 
2024-04-26 19:08:22,812 - DEBUG - 开始训练:...
2024-04-26 19:08:32,224 - DEBUG - 训练集准确率 acc: 99.87229  Train loss: 0.00000534
2024-04-26 19:08:33,002 - DEBUG - 测试集准确率 acc: 97.55215  Train loss: 0.00010103
2024-04-26 19:08:33,782 - DEBUG - 验证集准确率 acc: 97.87143  Train loss: 0.00008895
2024-04-26 19:08:33,809 - DEBUG -  Epoch 66: 
2024-04-26 19:08:33,809 - DEBUG - 开始训练:...
2024-04-26 19:08:43,272 - DEBUG - 训练集准确率 acc: 99.88559  Train loss: 0.00000555
2024-04-26 19:08:44,044 - DEBUG - 测试集准确率 acc: 97.85015  Train loss: 0.00009382
2024-04-26 19:08:44,073 - DEBUG -  Epoch 67: 
2024-04-26 19:08:44,073 - DEBUG - 开始训练:...
2024-04-26 19:08:53,452 - DEBUG - 训练集准确率 acc: 99.89357  Train loss: 0.00000470
2024-04-26 19:08:54,221 - DEBUG - 测试集准确率 acc: 97.63729  Train loss: 0.00010074
2024-04-26 19:08:54,253 - DEBUG -  Epoch 68: 
2024-04-26 19:08:54,254 - DEBUG - 开始训练:...
2024-04-26 19:09:03,725 - DEBUG - 训练集准确率 acc: 99.84302  Train loss: 0.00000665
2024-04-26 19:09:04,493 - DEBUG - 测试集准确率 acc: 97.55215  Train loss: 0.00010010
2024-04-26 19:09:04,525 - DEBUG -  Epoch 69: 
2024-04-26 19:09:04,525 - DEBUG - 开始训练:...
2024-04-26 19:09:13,979 - DEBUG - 训练集准确率 acc: 99.89357  Train loss: 0.00000476
2024-04-26 19:09:14,754 - DEBUG - 测试集准确率 acc: 97.61601  Train loss: 0.00010258
2024-04-26 19:09:14,783 - DEBUG -  Epoch 70: 
2024-04-26 19:09:14,783 - DEBUG - 开始训练:...
2024-04-26 19:09:24,298 - DEBUG - 训练集准确率 acc: 99.86963  Train loss: 0.00000543
2024-04-26 19:09:25,070 - DEBUG - 测试集准确率 acc: 97.78629  Train loss: 0.00010285
2024-04-26 19:09:25,847 - DEBUG - 验证集准确率 acc: 97.74372  Train loss: 0.00009125
2024-04-26 19:09:25,877 - DEBUG -  Epoch 71: 
2024-04-26 19:09:25,877 - DEBUG - 开始训练:...
2024-04-26 19:09:35,246 - DEBUG - 训练集准确率 acc: 99.88027  Train loss: 0.00000454
2024-04-26 19:09:36,022 - DEBUG - 测试集准确率 acc: 97.63729  Train loss: 0.00010386
2024-04-26 19:09:36,050 - DEBUG -  Epoch 72: 
2024-04-26 19:09:36,050 - DEBUG - 开始训练:...
2024-04-26 19:09:45,392 - DEBUG - 训练集准确率 acc: 99.89357  Train loss: 0.00000460
2024-04-26 19:09:46,150 - DEBUG - 测试集准确率 acc: 97.85015  Train loss: 0.00009747
2024-04-26 19:09:46,179 - DEBUG -  Epoch 73: 
2024-04-26 19:09:46,179 - DEBUG - 开始训练:...
2024-04-26 19:09:55,488 - DEBUG - 训练集准确率 acc: 99.90421  Train loss: 0.00000436
2024-04-26 19:09:56,244 - DEBUG - 测试集准确率 acc: 97.99915  Train loss: 0.00009359
2024-04-26 19:09:56,274 - DEBUG -  Epoch 74: 
2024-04-26 19:09:56,274 - DEBUG - 开始训练:...
2024-04-26 19:10:05,597 - DEBUG - 训练集准确率 acc: 99.86963  Train loss: 0.00000508
2024-04-26 19:10:06,361 - DEBUG - 测试集准确率 acc: 97.74372  Train loss: 0.00009484
2024-04-26 19:10:06,390 - DEBUG -  Epoch 75: 
2024-04-26 19:10:06,390 - DEBUG - 开始训练:...
2024-04-26 19:10:15,653 - DEBUG - 训练集准确率 acc: 95.60717  Train loss: 0.00019769
2024-04-26 19:10:16,411 - DEBUG - 测试集准确率 acc: 95.04044  Train loss: 0.00019106
2024-04-26 19:10:17,166 - DEBUG - 验证集准确率 acc: 95.23201  Train loss: 0.00017981
2024-04-26 19:10:17,195 - DEBUG -  Epoch 76: 
2024-04-26 19:10:17,195 - DEBUG - 开始训练:...
2024-04-26 19:10:26,517 - DEBUG - 训练集准确率 acc: 99.61686  Train loss: 0.00001862
2024-04-26 19:10:27,276 - DEBUG - 测试集准确率 acc: 95.95573  Train loss: 0.00016006
2024-04-26 19:10:27,304 - DEBUG -  Epoch 77: 
2024-04-26 19:10:27,305 - DEBUG - 开始训练:...
2024-04-26 19:10:36,582 - DEBUG - 训练集准确率 acc: 99.75788  Train loss: 0.00001147
2024-04-26 19:10:37,335 - DEBUG - 测试集准确率 acc: 96.42401  Train loss: 0.00013871
2024-04-26 19:10:37,365 - DEBUG -  Epoch 78: 
2024-04-26 19:10:37,365 - DEBUG - 开始训练:...
2024-04-26 19:10:46,675 - DEBUG - 训练集准确率 acc: 99.74989  Train loss: 0.00001139
2024-04-26 19:10:47,431 - DEBUG - 测试集准确率 acc: 97.12644  Train loss: 0.00011160
2024-04-26 19:10:47,461 - DEBUG -  Epoch 79: 
2024-04-26 19:10:47,461 - DEBUG - 开始训练:...
2024-04-26 19:10:56,742 - DEBUG - 训练集准确率 acc: 99.82439  Train loss: 0.00000910
2024-04-26 19:10:57,508 - DEBUG - 测试集准确率 acc: 97.25415  Train loss: 0.00011225
2024-04-26 19:10:57,536 - DEBUG -  Epoch 80: 
2024-04-26 19:10:57,536 - DEBUG - 开始训练:...
2024-04-26 19:11:06,856 - DEBUG - 训练集准确率 acc: 99.85898  Train loss: 0.00000724
2024-04-26 19:11:07,613 - DEBUG - 测试集准确率 acc: 96.95615  Train loss: 0.00011824
2024-04-26 19:11:08,366 - DEBUG - 验证集准确率 acc: 97.10515  Train loss: 0.00010757
2024-04-26 19:11:08,396 - DEBUG -  Epoch 81: 
2024-04-26 19:11:08,396 - DEBUG - 开始训练:...
2024-04-26 19:11:17,712 - DEBUG - 训练集准确率 acc: 99.82439  Train loss: 0.00000803
2024-04-26 19:11:18,469 - DEBUG - 测试集准确率 acc: 97.14772  Train loss: 0.00011362
2024-04-26 19:11:18,497 - DEBUG -  Epoch 82: 
2024-04-26 19:11:18,497 - DEBUG - 开始训练:...
2024-04-26 19:11:27,793 - DEBUG - 训练集准确率 acc: 99.82173  Train loss: 0.00000796
2024-04-26 19:11:28,549 - DEBUG - 测试集准确率 acc: 97.31801  Train loss: 0.00010735
2024-04-26 19:11:28,578 - DEBUG -  Epoch 83: 
2024-04-26 19:11:28,578 - DEBUG - 开始训练:...
2024-04-26 19:11:37,907 - DEBUG - 训练集准确率 acc: 99.84302  Train loss: 0.00000681
2024-04-26 19:11:38,662 - DEBUG - 测试集准确率 acc: 97.12644  Train loss: 0.00010885
2024-04-26 19:11:38,693 - DEBUG -  Epoch 84: 
2024-04-26 19:11:38,693 - DEBUG - 开始训练:...
2024-04-26 19:11:47,992 - DEBUG - 训练集准确率 acc: 99.84834  Train loss: 0.00000622
2024-04-26 19:11:48,755 - DEBUG - 测试集准确率 acc: 97.16901  Train loss: 0.00011487
2024-04-26 19:11:48,784 - DEBUG -  Epoch 85: 
2024-04-26 19:11:48,784 - DEBUG - 开始训练:...
2024-04-26 19:11:58,118 - DEBUG - 训练集准确率 acc: 99.79513  Train loss: 0.00000889
2024-04-26 19:11:58,876 - DEBUG - 测试集准确率 acc: 97.46701  Train loss: 0.00010299
2024-04-26 19:11:59,636 - DEBUG - 验证集准确率 acc: 97.61601  Train loss: 0.00009723
2024-04-26 19:11:59,665 - DEBUG -  Epoch 86: 
2024-04-26 19:11:59,665 - DEBUG - 开始训练:...
2024-04-26 19:12:08,953 - DEBUG - 训练集准确率 acc: 99.81375  Train loss: 0.00000752
2024-04-26 19:12:09,724 - DEBUG - 测试集准确率 acc: 97.85015  Train loss: 0.00009356
2024-04-26 19:12:09,753 - DEBUG -  Epoch 87: 
2024-04-26 19:12:09,753 - DEBUG - 开始训练:...
2024-04-26 19:12:19,151 - DEBUG - 训练集准确率 acc: 99.86963  Train loss: 0.00000590
2024-04-26 19:12:19,899 - DEBUG - 测试集准确率 acc: 97.61601  Train loss: 0.00009615
2024-04-26 19:12:19,930 - DEBUG -  Epoch 88: 
2024-04-26 19:12:19,930 - DEBUG - 开始训练:...
2024-04-26 19:12:29,232 - DEBUG - 训练集准确率 acc: 99.85898  Train loss: 0.00000659
2024-04-26 19:12:29,976 - DEBUG - 测试集准确率 acc: 97.29672  Train loss: 0.00011279
2024-04-26 19:12:30,004 - DEBUG -  Epoch 89: 
2024-04-26 19:12:30,004 - DEBUG - 开始训练:...
2024-04-26 19:12:39,328 - DEBUG - 训练集准确率 acc: 99.84568  Train loss: 0.00000733
2024-04-26 19:12:40,087 - DEBUG - 测试集准确率 acc: 97.70115  Train loss: 0.00009671
2024-04-26 19:12:40,117 - DEBUG -  Epoch 90: 
2024-04-26 19:12:40,117 - DEBUG - 开始训练:...
2024-04-26 19:12:49,408 - DEBUG - 训练集准确率 acc: 99.84834  Train loss: 0.00000573
2024-04-26 19:12:50,160 - DEBUG - 测试集准确率 acc: 97.44572  Train loss: 0.00010776
2024-04-26 19:12:50,921 - DEBUG - 验证集准确率 acc: 97.65858  Train loss: 0.00009360
2024-04-26 19:12:50,952 - DEBUG -  Epoch 91: 
2024-04-26 19:12:50,952 - DEBUG - 开始训练:...
2024-04-26 19:13:00,317 - DEBUG - 训练集准确率 acc: 99.86963  Train loss: 0.00000618
2024-04-26 19:13:01,080 - DEBUG - 测试集准确率 acc: 97.76501  Train loss: 0.00009976
2024-04-26 19:13:01,111 - DEBUG -  Epoch 92: 
2024-04-26 19:13:01,111 - DEBUG - 开始训练:...
2024-04-26 19:13:10,484 - DEBUG - 训练集准确率 acc: 99.90954  Train loss: 0.00000435
2024-04-26 19:13:11,249 - DEBUG - 测试集准确率 acc: 98.02043  Train loss: 0.00009495
2024-04-26 19:13:11,287 - DEBUG -  Epoch 93: 
2024-04-26 19:13:11,287 - DEBUG - 开始训练:...
2024-04-26 19:13:20,687 - DEBUG - 训练集准确率 acc: 99.88825  Train loss: 0.00000514
2024-04-26 19:13:21,452 - DEBUG - 测试集准确率 acc: 97.91401  Train loss: 0.00008749
2024-04-26 19:13:21,482 - DEBUG -  Epoch 94: 
2024-04-26 19:13:21,483 - DEBUG - 开始训练:...
2024-04-26 19:13:30,833 - DEBUG - 训练集准确率 acc: 99.90155  Train loss: 0.00000511
2024-04-26 19:13:31,606 - DEBUG - 测试集准确率 acc: 97.85015  Train loss: 0.00009214
2024-04-26 19:13:31,634 - DEBUG -  Epoch 95: 
2024-04-26 19:13:31,634 - DEBUG - 开始训练:...
2024-04-26 19:13:40,987 - DEBUG - 训练集准确率 acc: 99.88293  Train loss: 0.00000507
2024-04-26 19:13:41,753 - DEBUG - 测试集准确率 acc: 97.76501  Train loss: 0.00010057
2024-04-26 19:13:42,517 - DEBUG - 验证集准确率 acc: 97.80758  Train loss: 0.00009604
2024-04-26 19:13:42,545 - DEBUG -  Epoch 96: 
2024-04-26 19:13:42,546 - DEBUG - 开始训练:...
2024-04-26 19:13:51,927 - DEBUG - 训练集准确率 acc: 99.89889  Train loss: 0.00000397
2024-04-26 19:13:52,689 - DEBUG - 测试集准确率 acc: 97.72244  Train loss: 0.00010121
2024-04-26 19:13:52,720 - DEBUG -  Epoch 97: 
2024-04-26 19:13:52,720 - DEBUG - 开始训练:...
2024-04-26 19:14:02,109 - DEBUG - 训练集准确率 acc: 99.89623  Train loss: 0.00000477
2024-04-26 19:14:02,861 - DEBUG - 测试集准确率 acc: 97.80758  Train loss: 0.00009649
2024-04-26 19:14:02,891 - DEBUG -  Epoch 98: 
2024-04-26 19:14:02,891 - DEBUG - 开始训练:...
2024-04-26 19:14:12,254 - DEBUG - 训练集准确率 acc: 99.88027  Train loss: 0.00000497
2024-04-26 19:14:13,009 - DEBUG - 测试集准确率 acc: 97.80758  Train loss: 0.00009029
2024-04-26 19:14:13,038 - DEBUG -  Epoch 99: 
2024-04-26 19:14:13,039 - DEBUG - 开始训练:...
2024-04-26 19:14:22,438 - DEBUG - 训练集准确率 acc: 99.90688  Train loss: 0.00000388
2024-04-26 19:14:23,200 - DEBUG - 测试集准确率 acc: 97.87143  Train loss: 0.00009396
2024-04-28 00:27:48,064 - DEBUG -  Epoch 0: 
2024-04-28 00:27:48,064 - DEBUG - 开始训练:...
2024-04-28 00:29:09,486 - DEBUG -  Epoch 0: 
2024-04-28 00:29:09,487 - DEBUG - 开始训练:...
